0 verbose cli /opt/homebrew/Cellar/node/25.8.1_1/bin/node /opt/homebrew/bin/npm
1 info using npm@11.11.0
2 info using node@v25.8.1
3 silly config load:file:/opt/homebrew/lib/node_modules/npm/npmrc
4 silly config load:file:/Users/pb09/ux-portfolio/.npmrc
5 silly config load:file:/Users/pb09/.npmrc
6 silly config load:file:/opt/homebrew/etc/npmrc
7 verbose title npm install tailwindcss@3.4.17
8 verbose argv "install" "--save-dev" "tailwindcss@3.4.17" "--cache" ".npm-cache"
9 verbose logfile logs-max:10 dir:/Users/pb09/ux-portfolio/.npm-cache/_logs/2026-03-17T10_26_58_401Z-
10 verbose logfile /Users/pb09/ux-portfolio/.npm-cache/_logs/2026-03-17T10_26_58_401Z-debug-0.log
11 silly logfile done cleaning log files
12 silly packumentCache heap:4496293888 maxSize:1124073472 maxEntrySize:562036736
13 silly idealTree buildDeps
14 silly fetch manifest tailwindcss@3.4.17
15 silly packumentCache full:https://registry.npmjs.org/tailwindcss cache-miss
16 http cache https://registry.npmjs.org/tailwindcss 31ms (cache hit)
17 silly packumentCache full:https://registry.npmjs.org/tailwindcss set size:10260029 disposed:false
18 silly placeDep ROOT tailwindcss@3.4.17 REPLACE for: ux-portfolio@1.0.0 want: 3.4.17
19 silly fetch manifest arg@^5.0.2
20 silly packumentCache full:https://registry.npmjs.org/arg cache-miss
21 silly fetch manifest dlv@^1.1.3
22 silly packumentCache full:https://registry.npmjs.org/dlv cache-miss
23 silly fetch manifest jiti@^1.21.6
24 silly packumentCache full:https://registry.npmjs.org/jiti cache-miss
25 silly fetch manifest sucrase@^3.35.0
26 silly packumentCache full:https://registry.npmjs.org/sucrase cache-miss
27 silly fetch manifest chokidar@^3.6.0
28 silly packumentCache full:https://registry.npmjs.org/chokidar cache-miss
29 silly fetch manifest fast-glob@^3.3.2
30 silly packumentCache full:https://registry.npmjs.org/fast-glob cache-miss
31 silly fetch manifest lilconfig@^3.1.3
32 silly packumentCache full:https://registry.npmjs.org/lilconfig cache-miss
33 silly fetch manifest didyoumean@^1.2.2
34 silly packumentCache full:https://registry.npmjs.org/didyoumean cache-miss
35 silly fetch manifest postcss-js@^4.0.1
36 silly packumentCache full:https://registry.npmjs.org/postcss-js cache-miss
37 silly fetch manifest object-hash@^3.0.0
38 silly packumentCache full:https://registry.npmjs.org/object-hash cache-miss
39 silly fetch manifest normalize-path@^3.0.0
40 silly packumentCache full:https://registry.npmjs.org/normalize-path cache-miss
41 silly fetch manifest postcss-import@^15.1.0
42 silly packumentCache full:https://registry.npmjs.org/postcss-import cache-miss
43 silly fetch manifest postcss-nested@^6.2.0
44 silly packumentCache full:https://registry.npmjs.org/postcss-nested cache-miss
45 http cache https://registry.npmjs.org/jiti 17ms (cache hit)
46 silly packumentCache full:https://registry.npmjs.org/jiti set size:382310 disposed:false
47 silly fetch manifest @alloc/quick-lru@^5.2.0
48 silly packumentCache full:https://registry.npmjs.org/@alloc%2fquick-lru cache-miss
49 http cache https://registry.npmjs.org/fast-glob 19ms (cache hit)
50 silly packumentCache full:https://registry.npmjs.org/fast-glob set size:220556 disposed:false
51 silly fetch manifest postcss-load-config@^4.0.2
52 silly packumentCache full:https://registry.npmjs.org/postcss-load-config cache-miss
53 http fetch GET 200 https://registry.npmjs.org/postcss-import 131ms (cache miss)
54 silly packumentCache full:https://registry.npmjs.org/postcss-import set size:undefined disposed:false
55 silly fetch manifest postcss-selector-parser@^6.1.2
56 silly packumentCache full:https://registry.npmjs.org/postcss-selector-parser cache-miss
57 http fetch GET 200 https://registry.npmjs.org/chokidar 143ms (cache miss)
58 silly packumentCache full:https://registry.npmjs.org/chokidar set size:undefined disposed:false
59 http fetch GET 200 https://registry.npmjs.org/@alloc%2fquick-lru 126ms (cache miss)
60 silly packumentCache full:https://registry.npmjs.org/@alloc%2fquick-lru set size:undefined disposed:false
61 http fetch GET 200 https://registry.npmjs.org/postcss-js 145ms (cache miss)
62 silly packumentCache full:https://registry.npmjs.org/postcss-js set size:undefined disposed:false
63 http fetch GET 200 https://registry.npmjs.org/lilconfig 146ms (cache miss)
64 silly packumentCache full:https://registry.npmjs.org/lilconfig set size:undefined disposed:false
65 http fetch GET 200 https://registry.npmjs.org/arg 147ms (cache miss)
66 silly packumentCache full:https://registry.npmjs.org/arg set size:undefined disposed:false
67 http fetch GET 200 https://registry.npmjs.org/object-hash 147ms (cache miss)
68 silly packumentCache full:https://registry.npmjs.org/object-hash set size:undefined disposed:false
69 http fetch GET 200 https://registry.npmjs.org/didyoumean 164ms (cache miss)
70 silly packumentCache full:https://registry.npmjs.org/didyoumean set size:undefined disposed:false
71 http fetch GET 200 https://registry.npmjs.org/postcss-nested 164ms (cache miss)
72 silly packumentCache full:https://registry.npmjs.org/postcss-nested set size:undefined disposed:false
73 http fetch GET 200 https://registry.npmjs.org/dlv 166ms (cache miss)
74 silly packumentCache full:https://registry.npmjs.org/dlv set size:undefined disposed:false
75 http fetch GET 200 https://registry.npmjs.org/normalize-path 166ms (cache miss)
76 silly packumentCache full:https://registry.npmjs.org/normalize-path set size:undefined disposed:false
77 http fetch GET 200 https://registry.npmjs.org/postcss-load-config 147ms (cache miss)
78 silly packumentCache full:https://registry.npmjs.org/postcss-load-config set size:undefined disposed:false
79 http fetch GET 200 https://registry.npmjs.org/postcss-selector-parser 52ms (cache miss)
80 silly packumentCache full:https://registry.npmjs.org/postcss-selector-parser set size:undefined disposed:false
81 http fetch GET 200 https://registry.npmjs.org/sucrase 389ms (cache miss)
82 silly packumentCache full:https://registry.npmjs.org/sucrase set size:undefined disposed:false
83 silly fetch manifest postcss@^8.4.47
84 silly packumentCache full:https://registry.npmjs.org/postcss cache-miss
85 http cache https://registry.npmjs.org/postcss 3ms (cache hit)
86 silly packumentCache full:https://registry.npmjs.org/postcss set size:702266 disposed:false
87 silly fetch manifest ts-node@>=9.0.0
88 silly packumentCache full:https://registry.npmjs.org/ts-node cache-miss
89 http fetch GET 200 https://registry.npmjs.org/ts-node 43ms (cache miss)
90 silly packumentCache full:https://registry.npmjs.org/ts-node set size:undefined disposed:false
91 silly fetch manifest @swc/core@>=1.2.50
92 silly packumentCache full:https://registry.npmjs.org/@swc%2fcore cache-miss
93 http fetch GET 200 https://registry.npmjs.org/@swc%2fcore 139ms (cache miss)
94 silly packumentCache full:https://registry.npmjs.org/@swc%2fcore set size:undefined disposed:false
95 silly fetch manifest @swc/helpers@>=0.5.17
96 silly packumentCache full:https://registry.npmjs.org/@swc%2fhelpers cache-miss
97 http cache https://registry.npmjs.org/@swc%2fhelpers 4ms (cache hit)
98 silly packumentCache full:https://registry.npmjs.org/@swc%2fhelpers set size:678955 disposed:false
99 silly fetch manifest @swc/wasm@>=1.2.50
100 silly packumentCache full:https://registry.npmjs.org/@swc%2fwasm cache-miss
101 http fetch GET 200 https://registry.npmjs.org/@swc%2fwasm 59ms (cache miss)
102 silly packumentCache full:https://registry.npmjs.org/@swc%2fwasm set size:undefined disposed:false
103 silly fetch manifest @types/node@*
104 silly packumentCache full:https://registry.npmjs.org/@types%2fnode cache-miss
105 http cache https://registry.npmjs.org/@types%2fnode 12ms (cache hit)
106 silly packumentCache full:https://registry.npmjs.org/@types%2fnode set size:10939971 disposed:false
107 silly fetch manifest typescript@>=2.7
108 silly packumentCache full:https://registry.npmjs.org/typescript cache-miss
109 http cache https://registry.npmjs.org/typescript 16ms (cache hit)
110 silly packumentCache full:https://registry.npmjs.org/typescript set size:15365987 disposed:false
111 silly placeDep ROOT @alloc/quick-lru@5.2.0 OK for: tailwindcss@3.4.17 want: ^5.2.0
112 silly placeDep ROOT arg@5.0.2 OK for: tailwindcss@3.4.17 want: ^5.0.2
113 silly placeDep ROOT chokidar@3.6.0 OK for: tailwindcss@3.4.17 want: ^3.6.0
114 silly placeDep ROOT didyoumean@1.2.2 OK for: tailwindcss@3.4.17 want: ^1.2.2
115 silly placeDep ROOT dlv@1.1.3 OK for: tailwindcss@3.4.17 want: ^1.1.3
116 silly placeDep node_modules/tailwindcss fast-glob@3.3.3 OK for: tailwindcss@3.4.17 want: ^3.3.2
117 silly placeDep ROOT jiti@1.21.7 OK for: tailwindcss@3.4.17 want: ^1.21.6
118 silly placeDep ROOT lilconfig@3.1.3 OK for: tailwindcss@3.4.17 want: ^3.1.3
119 silly placeDep ROOT normalize-path@3.0.0 OK for: tailwindcss@3.4.17 want: ^3.0.0
120 silly placeDep ROOT object-hash@3.0.0 OK for: tailwindcss@3.4.17 want: ^3.0.0
121 silly placeDep ROOT postcss-import@15.1.0 OK for: tailwindcss@3.4.17 want: ^15.1.0
122 silly placeDep ROOT postcss-js@4.1.0 OK for: tailwindcss@3.4.17 want: ^4.0.1
123 silly placeDep node_modules/tailwindcss postcss-load-config@4.0.2 OK for: tailwindcss@3.4.17 want: ^4.0.2
124 silly placeDep ROOT postcss-nested@6.2.0 OK for: tailwindcss@3.4.17 want: ^6.2.0
125 silly placeDep ROOT postcss-selector-parser@6.1.2 OK for: tailwindcss@3.4.17 want: ^6.1.2
126 silly placeDep ROOT sucrase@3.35.1 OK for: tailwindcss@3.4.17 want: ^3.35.0
127 silly fetch manifest anymatch@~3.1.2
128 silly packumentCache full:https://registry.npmjs.org/anymatch cache-miss
129 silly fetch manifest readdirp@~3.6.0
130 silly packumentCache full:https://registry.npmjs.org/readdirp cache-miss
131 silly fetch manifest glob-parent@~5.1.2
132 silly packumentCache full:https://registry.npmjs.org/glob-parent cache-miss
133 silly fetch manifest is-binary-path@~2.1.0
134 silly packumentCache full:https://registry.npmjs.org/is-binary-path cache-miss
135 silly fetch manifest normalize-path@~3.0.0
136 silly packumentCache full:https://registry.npmjs.org/normalize-path cache-miss
137 silly fetch manifest fsevents@~2.3.2
138 silly packumentCache full:https://registry.npmjs.org/fsevents cache-miss
139 silly fetch manifest glob-parent@^5.1.2
140 silly packumentCache full:https://registry.npmjs.org/glob-parent cache-miss
141 silly fetch manifest read-cache@^1.0.0
142 silly packumentCache full:https://registry.npmjs.org/read-cache cache-miss
143 silly fetch manifest camelcase-css@^2.0.1
144 silly packumentCache full:https://registry.npmjs.org/camelcase-css cache-miss
145 silly fetch manifest yaml@^2.3.4
146 silly packumentCache full:https://registry.npmjs.org/yaml cache-miss
147 silly fetch manifest postcss-selector-parser@^6.1.1
148 silly packumentCache full:https://registry.npmjs.org/postcss-selector-parser cache-miss
149 silly fetch manifest cssesc@^3.0.0
150 silly packumentCache full:https://registry.npmjs.org/cssesc cache-miss
151 silly fetch manifest util-deprecate@^1.0.2
152 silly packumentCache full:https://registry.npmjs.org/util-deprecate cache-miss
153 http cache https://registry.npmjs.org/normalize-path 6ms (cache hit)
154 silly packumentCache full:https://registry.npmjs.org/normalize-path set size:28713 disposed:false
155 silly fetch manifest commander@^4.0.0
156 silly packumentCache full:https://registry.npmjs.org/commander cache-miss
157 http cache https://registry.npmjs.org/postcss-selector-parser 7ms (cache hit)
158 silly packumentCache full:https://registry.npmjs.org/postcss-selector-parser set size:177140 disposed:false
159 silly fetch manifest lines-and-columns@^1.1.6
160 silly packumentCache full:https://registry.npmjs.org/lines-and-columns cache-miss
161 http cache https://registry.npmjs.org/glob-parent 8ms (cache hit)
162 silly packumentCache full:https://registry.npmjs.org/glob-parent set size:42445 disposed:false
163 silly fetch manifest mz@^2.7.0
164 silly packumentCache full:https://registry.npmjs.org/mz cache-miss
165 http cache https://registry.npmjs.org/glob-parent 10ms (cache hit)
166 silly packumentCache full:https://registry.npmjs.org/glob-parent set size:42445 disposed:false
167 silly packumentCache full:https://registry.npmjs.org/glob-parent dispose
168 silly fetch manifest pirates@^4.0.1
169 silly packumentCache full:https://registry.npmjs.org/pirates cache-miss
170 http fetch GET 200 https://registry.npmjs.org/util-deprecate 27ms (cache miss)
171 silly packumentCache full:https://registry.npmjs.org/util-deprecate set size:undefined disposed:false
172 silly fetch manifest ts-interface-checker@^0.1.9
173 silly packumentCache full:https://registry.npmjs.org/ts-interface-checker cache-miss
174 http fetch GET 200 https://registry.npmjs.org/is-binary-path 30ms (cache miss)
175 silly packumentCache full:https://registry.npmjs.org/is-binary-path set size:undefined disposed:false
176 http fetch GET 200 https://registry.npmjs.org/anymatch 31ms (cache miss)
177 silly packumentCache full:https://registry.npmjs.org/anymatch set size:undefined disposed:false
178 http fetch GET 200 https://registry.npmjs.org/readdirp 32ms (cache miss)
179 silly packumentCache full:https://registry.npmjs.org/readdirp set size:undefined disposed:false
180 http fetch GET 200 https://registry.npmjs.org/lines-and-columns 25ms (cache miss)
181 silly packumentCache full:https://registry.npmjs.org/lines-and-columns set size:undefined disposed:false
182 http fetch GET 200 https://registry.npmjs.org/pirates 24ms (cache miss)
183 silly packumentCache full:https://registry.npmjs.org/pirates set size:undefined disposed:false
184 http fetch GET 200 https://registry.npmjs.org/read-cache 34ms (cache miss)
185 silly packumentCache full:https://registry.npmjs.org/read-cache set size:undefined disposed:false
186 http fetch GET 200 https://registry.npmjs.org/camelcase-css 34ms (cache miss)
187 silly packumentCache full:https://registry.npmjs.org/camelcase-css set size:undefined disposed:false
188 http fetch GET 200 https://registry.npmjs.org/mz 35ms (cache miss)
189 silly packumentCache full:https://registry.npmjs.org/mz set size:undefined disposed:false
190 http fetch GET 200 https://registry.npmjs.org/commander 40ms (cache miss)
191 silly packumentCache full:https://registry.npmjs.org/commander set size:undefined disposed:false
192 http fetch GET 200 https://registry.npmjs.org/fsevents 48ms (cache miss)
193 silly packumentCache full:https://registry.npmjs.org/fsevents set size:undefined disposed:false
194 http fetch GET 200 https://registry.npmjs.org/yaml 49ms (cache miss)
195 silly packumentCache full:https://registry.npmjs.org/yaml set size:undefined disposed:false
196 http fetch GET 200 https://registry.npmjs.org/ts-interface-checker 46ms (cache miss)
197 silly packumentCache full:https://registry.npmjs.org/ts-interface-checker set size:undefined disposed:false
198 http fetch GET 200 https://registry.npmjs.org/cssesc 84ms (cache miss)
199 silly packumentCache full:https://registry.npmjs.org/cssesc set size:undefined disposed:false
200 silly placeDep ROOT anymatch@3.1.3 OK for: chokidar@3.6.0 want: ~3.1.2
201 silly placeDep ROOT fsevents@2.3.3 OK for: chokidar@3.6.0 want: ~2.3.2
202 silly placeDep node_modules/chokidar glob-parent@5.1.2 OK for: chokidar@3.6.0 want: ~5.1.2
203 silly placeDep ROOT is-binary-path@2.1.0 OK for: chokidar@3.6.0 want: ~2.1.0
204 silly placeDep ROOT readdirp@3.6.0 OK for: chokidar@3.6.0 want: ~3.6.0
205 silly fetch manifest binary-extensions@^2.0.0
206 silly packumentCache full:https://registry.npmjs.org/binary-extensions cache-miss
207 http fetch GET 200 https://registry.npmjs.org/binary-extensions 34ms (cache miss)
208 silly packumentCache full:https://registry.npmjs.org/binary-extensions set size:undefined disposed:false
209 silly placeDep ROOT binary-extensions@2.3.0 OK for: is-binary-path@2.1.0 want: ^2.0.0
210 silly placeDep ROOT read-cache@1.0.0 OK for: postcss-import@15.1.0 want: ^1.0.0
211 silly fetch manifest pify@^2.3.0
212 silly packumentCache full:https://registry.npmjs.org/pify cache-miss
213 http fetch GET 200 https://registry.npmjs.org/pify 40ms (cache miss)
214 silly packumentCache full:https://registry.npmjs.org/pify set size:undefined disposed:false
215 silly placeDep ROOT camelcase-css@2.0.1 OK for: postcss-js@4.1.0 want: ^2.0.1
216 silly placeDep ROOT cssesc@3.0.0 OK for: postcss-selector-parser@6.1.2 want: ^3.0.0
217 silly placeDep ROOT util-deprecate@1.0.2 OK for: postcss-selector-parser@6.1.2 want: ^1.0.2
218 silly placeDep ROOT pify@2.3.0 OK for: read-cache@1.0.0 want: ^2.3.0
219 silly placeDep ROOT commander@4.1.1 OK for: sucrase@3.35.1 want: ^4.0.0
220 silly placeDep ROOT lines-and-columns@1.2.4 OK for: sucrase@3.35.1 want: ^1.1.6
221 silly placeDep ROOT mz@2.7.0 OK for: sucrase@3.35.1 want: ^2.7.0
222 silly placeDep ROOT pirates@4.0.7 OK for: sucrase@3.35.1 want: ^4.0.1
223 silly placeDep ROOT ts-interface-checker@0.1.13 OK for: sucrase@3.35.1 want: ^0.1.9
224 silly fetch manifest any-promise@^1.0.0
225 silly packumentCache full:https://registry.npmjs.org/any-promise cache-miss
226 silly fetch manifest thenify-all@^1.0.0
227 silly packumentCache full:https://registry.npmjs.org/thenify-all cache-miss
228 http fetch GET 200 https://registry.npmjs.org/thenify-all 24ms (cache miss)
229 silly packumentCache full:https://registry.npmjs.org/thenify-all set size:undefined disposed:false
230 http fetch GET 200 https://registry.npmjs.org/any-promise 24ms (cache miss)
231 silly packumentCache full:https://registry.npmjs.org/any-promise set size:undefined disposed:false
232 silly placeDep ROOT any-promise@1.3.0 OK for: mz@2.7.0 want: ^1.0.0
233 silly placeDep ROOT thenify-all@1.6.0 OK for: mz@2.7.0 want: ^1.0.0
234 silly fetch manifest thenify@>= 3.1.0 < 4
235 silly packumentCache full:https://registry.npmjs.org/thenify cache-miss
236 http fetch GET 200 https://registry.npmjs.org/thenify 23ms (cache miss)
237 silly packumentCache full:https://registry.npmjs.org/thenify set size:undefined disposed:false
238 silly placeDep ROOT thenify@3.3.1 OK for: thenify-all@1.6.0 want: >= 3.1.0 < 4
239 silly placeDep node_modules/tailwindcss/node_modules/fast-glob glob-parent@5.1.2 OK for: fast-glob@3.3.3 want: ^5.1.2
240 silly placeDep ROOT yaml@2.8.2 OK for: postcss-load-config@4.0.2 want: ^2.3.4
241 silly reify mark retired [ '/Users/pb09/ux-portfolio/node_modules/tailwindcss' ]
242 silly reify moves {
242 silly reify   '/Users/pb09/ux-portfolio/node_modules/tailwindcss': '/Users/pb09/ux-portfolio/node_modules/.tailwindcss-JPxiVteE'
242 silly reify }
243 silly audit bulk request {
243 silly audit   '@babel/code-frame': [ '7.29.0' ],
243 silly audit   '@babel/compat-data': [ '7.29.0' ],
243 silly audit   '@babel/core': [ '7.29.0' ],
243 silly audit   semver: [ '6.3.1', '7.7.4' ],
243 silly audit   '@babel/generator': [ '7.29.1' ],
243 silly audit   '@babel/helper-compilation-targets': [ '7.28.6' ],
243 silly audit   '@babel/helper-globals': [ '7.28.0' ],
243 silly audit   '@babel/helper-module-imports': [ '7.28.6' ],
243 silly audit   '@babel/helper-module-transforms': [ '7.28.6' ],
243 silly audit   '@babel/helper-string-parser': [ '7.27.1' ],
243 silly audit   '@babel/helper-validator-identifier': [ '7.28.5' ],
243 silly audit   '@babel/helper-validator-option': [ '7.27.1' ],
243 silly audit   '@babel/helpers': [ '7.29.2' ],
243 silly audit   '@babel/parser': [ '7.29.2' ],
243 silly audit   '@babel/template': [ '7.28.6' ],
243 silly audit   '@babel/traverse': [ '7.29.0' ],
243 silly audit   '@babel/types': [ '7.29.0' ],
243 silly audit   '@emnapi/core': [ '1.9.0' ],
243 silly audit   '@emnapi/runtime': [ '1.9.0' ],
243 silly audit   '@emnapi/wasi-threads': [ '1.2.0' ],
243 silly audit   '@eslint-community/eslint-utils': [ '4.9.1' ],
243 silly audit   'eslint-visitor-keys': [ '3.4.3', '5.0.1', '4.2.1' ],
243 silly audit   '@eslint-community/regexpp': [ '4.12.2' ],
243 silly audit   '@eslint/config-array': [ '0.21.2' ],
243 silly audit   '@eslint/config-helpers': [ '0.4.2' ],
243 silly audit   '@eslint/core': [ '0.17.0' ],
243 silly audit   '@eslint/eslintrc': [ '3.3.5' ],
243 silly audit   globals: [ '14.0.0', '16.4.0' ],
243 silly audit   '@eslint/js': [ '9.39.4' ],
243 silly audit   '@eslint/object-schema': [ '2.1.7' ],
243 silly audit   '@eslint/plugin-kit': [ '0.4.1' ],
243 silly audit   '@humanfs/core': [ '0.19.1' ],
243 silly audit   '@humanfs/node': [ '0.16.7' ],
243 silly audit   '@humanwhocodes/module-importer': [ '1.0.1' ],
243 silly audit   '@humanwhocodes/retry': [ '0.4.3' ],
243 silly audit   '@img/colour': [ '1.1.0' ],
243 silly audit   '@img/sharp-darwin-arm64': [ '0.34.5' ],
243 silly audit   '@img/sharp-darwin-x64': [ '0.34.5' ],
243 silly audit   '@img/sharp-libvips-darwin-arm64': [ '1.2.4' ],
243 silly audit   '@img/sharp-libvips-darwin-x64': [ '1.2.4' ],
243 silly audit   '@img/sharp-libvips-linux-arm': [ '1.2.4' ],
243 silly audit   '@img/sharp-libvips-linux-arm64': [ '1.2.4' ],
243 silly audit   '@img/sharp-libvips-linux-ppc64': [ '1.2.4' ],
243 silly audit   '@img/sharp-libvips-linux-riscv64': [ '1.2.4' ],
243 silly audit   '@img/sharp-libvips-linux-s390x': [ '1.2.4' ],
243 silly audit   '@img/sharp-libvips-linux-x64': [ '1.2.4' ],
243 silly audit   '@img/sharp-libvips-linuxmusl-arm64': [ '1.2.4' ],
243 silly audit   '@img/sharp-libvips-linuxmusl-x64': [ '1.2.4' ],
243 silly audit   '@img/sharp-linux-arm': [ '0.34.5' ],
243 silly audit   '@img/sharp-linux-arm64': [ '0.34.5' ],
243 silly audit   '@img/sharp-linux-ppc64': [ '0.34.5' ],
243 silly audit   '@img/sharp-linux-riscv64': [ '0.34.5' ],
243 silly audit   '@img/sharp-linux-s390x': [ '0.34.5' ],
243 silly audit   '@img/sharp-linux-x64': [ '0.34.5' ],
243 silly audit   '@img/sharp-linuxmusl-arm64': [ '0.34.5' ],
243 silly audit   '@img/sharp-linuxmusl-x64': [ '0.34.5' ],
243 silly audit   '@img/sharp-wasm32': [ '0.34.5' ],
243 silly audit   '@img/sharp-win32-arm64': [ '0.34.5' ],
243 silly audit   '@img/sharp-win32-ia32': [ '0.34.5' ],
243 silly audit   '@img/sharp-win32-x64': [ '0.34.5' ],
243 silly audit   '@jridgewell/gen-mapping': [ '0.3.13' ],
243 silly audit   '@jridgewell/remapping': [ '2.3.5' ],
243 silly audit   '@jridgewell/resolve-uri': [ '3.1.2' ],
243 silly audit   '@jridgewell/sourcemap-codec': [ '1.5.5' ],
243 silly audit   '@jridgewell/trace-mapping': [ '0.3.31' ],
243 silly audit   '@napi-rs/wasm-runtime': [ '0.2.12' ],
243 silly audit   '@next/env': [ '16.1.7' ],
243 silly audit   '@next/eslint-plugin-next': [ '16.1.7' ],
243 silly audit   '@next/swc-darwin-arm64': [ '16.1.7' ],
243 silly audit   '@next/swc-darwin-x64': [ '16.1.7' ],
243 silly audit   '@next/swc-linux-arm64-gnu': [ '16.1.7' ],
243 silly audit   '@next/swc-linux-arm64-musl': [ '16.1.7' ],
243 silly audit   '@next/swc-linux-x64-gnu': [ '16.1.7' ],
243 silly audit   '@next/swc-linux-x64-musl': [ '16.1.7' ],
243 silly audit   '@next/swc-win32-arm64-msvc': [ '16.1.7' ],
243 silly audit   '@next/swc-win32-x64-msvc': [ '16.1.7' ],
243 silly audit   '@nodelib/fs.scandir': [ '2.1.5' ],
243 silly audit   '@nodelib/fs.stat': [ '2.0.5' ],
243 silly audit   '@nodelib/fs.walk': [ '1.2.8' ],
243 silly audit   '@nolyfill/is-core-module': [ '1.0.39' ],
243 silly audit   '@rtsao/scc': [ '1.1.0' ],
243 silly audit   '@swc/helpers': [ '0.5.15' ],
243 silly audit   '@tybys/wasm-util': [ '0.10.1' ],
243 silly audit   '@types/estree': [ '1.0.8' ],
243 silly audit   '@types/json-schema': [ '7.0.15' ],
243 silly audit   '@types/json5': [ '0.0.29' ],
243 silly audit   '@types/node': [ '25.5.0' ],
243 silly audit   '@types/react': [ '19.2.14' ],
243 silly audit   '@types/react-dom': [ '19.2.3' ],
243 silly audit   '@typescript-eslint/eslint-plugin': [ '8.57.1' ],
243 silly audit   ignore: [ '7.0.5', '5.3.2' ],
243 silly audit   '@typescript-eslint/parser': [ '8.57.1' ],
243 silly audit   '@typescript-eslint/project-service': [ '8.57.1' ],
243 silly audit   '@typescript-eslint/scope-manager': [ '8.57.1' ],
243 silly audit   '@typescript-eslint/tsconfig-utils': [ '8.57.1' ],
243 silly audit   '@typescript-eslint/type-utils': [ '8.57.1' ],
243 silly audit   '@typescript-eslint/types': [ '8.57.1' ],
243 silly audit   '@typescript-eslint/typescript-estree': [ '8.57.1' ],
243 silly audit   'balanced-match': [ '4.0.4', '1.0.2' ],
243 silly audit   'brace-expansion': [ '5.0.4', '1.1.12' ],
243 silly audit   minimatch: [ '10.2.4', '3.1.5' ],
243 silly audit   '@typescript-eslint/utils': [ '8.57.1' ],
243 silly audit   '@typescript-eslint/visitor-keys': [ '8.57.1' ],
243 silly audit   '@unrs/resolver-binding-android-arm-eabi': [ '1.11.1' ],
243 silly audit   '@unrs/resolver-binding-android-arm64': [ '1.11.1' ],
243 silly audit   '@unrs/resolver-binding-darwin-arm64': [ '1.11.1' ],
243 silly audit   '@unrs/resolver-binding-darwin-x64': [ '1.11.1' ],
243 silly audit   '@unrs/resolver-binding-freebsd-x64': [ '1.11.1' ],
243 silly audit   '@unrs/resolver-binding-linux-arm-gnueabihf': [ '1.11.1' ],
243 silly audit   '@unrs/resolver-binding-linux-arm-musleabihf': [ '1.11.1' ],
243 silly audit   '@unrs/resolver-binding-linux-arm64-gnu': [ '1.11.1' ],
243 silly audit   '@unrs/resolver-binding-linux-arm64-musl': [ '1.11.1' ],
243 silly audit   '@unrs/resolver-binding-linux-ppc64-gnu': [ '1.11.1' ],
243 silly audit   '@unrs/resolver-binding-linux-riscv64-gnu': [ '1.11.1' ],
243 silly audit   '@unrs/resolver-binding-linux-riscv64-musl': [ '1.11.1' ],
243 silly audit   '@unrs/resolver-binding-linux-s390x-gnu': [ '1.11.1' ],
243 silly audit   '@unrs/resolver-binding-linux-x64-gnu': [ '1.11.1' ],
243 silly audit   '@unrs/resolver-binding-linux-x64-musl': [ '1.11.1' ],
243 silly audit   '@unrs/resolver-binding-wasm32-wasi': [ '1.11.1' ],
243 silly audit   '@unrs/resolver-binding-win32-arm64-msvc': [ '1.11.1' ],
243 silly audit   '@unrs/resolver-binding-win32-ia32-msvc': [ '1.11.1' ],
243 silly audit   '@unrs/resolver-binding-win32-x64-msvc': [ '1.11.1' ],
243 silly audit   acorn: [ '8.16.0' ],
243 silly audit   'acorn-jsx': [ '5.3.2' ],
243 silly audit   ajv: [ '6.14.0' ],
243 silly audit   'ansi-styles': [ '4.3.0' ],
243 silly audit   argparse: [ '2.0.1' ],
243 silly audit   'aria-query': [ '5.3.2' ],
243 silly audit   'array-buffer-byte-length': [ '1.0.2' ],
243 silly audit   'array-includes': [ '3.1.9' ],
243 silly audit   'array.prototype.findlast': [ '1.2.5' ],
243 silly audit   'array.prototype.findlastindex': [ '1.2.6' ],
243 silly audit   'array.prototype.flat': [ '1.3.3' ],
243 silly audit   'array.prototype.flatmap': [ '1.3.3' ],
243 silly audit   'array.prototype.tosorted': [ '1.1.4' ],
243 silly audit   'arraybuffer.prototype.slice': [ '1.0.4' ],
243 silly audit   'ast-types-flow': [ '0.0.8' ],
243 silly audit   'async-function': [ '1.0.0' ],
243 silly audit   autoprefixer: [ '10.4.27' ],
243 silly audit   'available-typed-arrays': [ '1.0.7' ],
243 silly audit   'axe-core': [ '4.11.1' ],
243 silly audit   'axobject-query': [ '4.1.0' ],
243 silly audit   'baseline-browser-mapping': [ '2.10.8' ],
243 silly audit   braces: [ '3.0.3' ],
243 silly audit   browserslist: [ '4.28.1' ],
243 silly audit   'call-bind': [ '1.0.8' ],
243 silly audit   'call-bind-apply-helpers': [ '1.0.2' ],
243 silly audit   'call-bound': [ '1.0.4' ],
243 silly audit   callsites: [ '3.1.0' ],
243 silly audit   'caniuse-lite': [ '1.0.30001780' ],
243 silly audit   chalk: [ '4.1.2' ],
243 silly audit   'client-only': [ '0.0.1' ],
243 silly audit   'color-convert': [ '2.0.1' ],
243 silly audit   'color-name': [ '1.1.4' ],
243 silly audit   'concat-map': [ '0.0.1' ],
243 silly audit   'convert-source-map': [ '2.0.0' ],
243 silly audit   'cross-spawn': [ '7.0.6' ],
243 silly audit   csstype: [ '3.2.3' ],
243 silly audit   'damerau-levenshtein': [ '1.0.8' ],
243 silly audit   'data-view-buffer': [ '1.0.2' ],
243 silly audit   'data-view-byte-length': [ '1.0.2' ],
243 silly audit   'data-view-byte-offset': [ '1.0.1' ],
243 silly audit   debug: [ '4.4.3', '3.2.7' ],
243 silly audit   'deep-is': [ '0.1.4' ],
243 silly audit   'define-data-property': [ '1.1.4' ],
243 silly audit   'define-properties': [ '1.2.1' ],
243 silly audit   'detect-libc': [ '2.1.2' ],
243 silly audit   doctrine: [ '2.1.0' ],
243 silly audit   'dunder-proto': [ '1.0.1' ],
243 silly audit   'electron-to-chromium': [ '1.5.313' ],
243 silly audit   'emoji-regex': [ '9.2.2' ],
243 silly audit   'es-abstract': [ '1.24.1' ],
243 silly audit   'es-define-property': [ '1.0.1' ],
243 silly audit   'es-errors': [ '1.3.0' ],
243 silly audit   'es-iterator-helpers': [ '1.3.1' ],
243 silly audit   'es-object-atoms': [ '1.1.1' ],
243 silly audit   'es-set-tostringtag': [ '2.1.0' ],
243 silly audit   'es-shim-unscopables': [ '1.1.0' ],
243 silly audit   'es-to-primitive': [ '1.3.0' ],
243 silly audit   escalade: [ '3.2.0' ],
243 silly audit   'escape-string-regexp': [ '4.0.0' ],
243 silly audit   eslint: [ '9.39.4' ],
243 silly audit   'eslint-config-next': [ '16.1.7' ],
243 silly audit   'eslint-import-resolver-node': [ '0.3.9' ],
243 silly audit   'eslint-import-resolver-typescript': [ '3.10.1' ],
243 silly audit   'eslint-module-utils': [ '2.12.1' ],
243 silly audit   'eslint-plugin-import': [ '2.32.0' ],
243 silly audit   'eslint-plugin-jsx-a11y': [ '6.10.2' ],
243 silly audit   'eslint-plugin-react': [ '7.37.5' ],
243 silly audit   'eslint-plugin-react-hooks': [ '7.0.1' ],
243 silly audit   resolve: [ '2.0.0-next.6', '1.22.11' ],
243 silly audit   'eslint-scope': [ '8.4.0' ],
243 silly audit   espree: [ '10.4.0' ],
243 silly audit   esquery: [ '1.7.0' ],
243 silly audit   esrecurse: [ '4.3.0' ],
243 silly audit   estraverse: [ '5.3.0' ],
243 silly audit   esutils: [ '2.0.3' ],
243 silly audit   'fast-deep-equal': [ '3.1.3' ],
243 silly audit   'fast-glob': [ '3.3.1', '3.3.3' ],
243 silly audit   'glob-parent': [ '5.1.2', '6.0.2' ],
243 silly audit   'fast-json-stable-stringify': [ '2.1.0' ],
243 silly audit   'fast-levenshtein': [ '2.0.6' ],
243 silly audit   fastq: [ '1.20.1' ],
243 silly audit   'file-entry-cache': [ '8.0.0' ],
243 silly audit   'fill-range': [ '7.1.1' ],
243 silly audit   'find-up': [ '5.0.0' ],
243 silly audit   'flat-cache': [ '4.0.1' ],
243 silly audit   flatted: [ '3.4.1' ],
243 silly audit   'for-each': [ '0.3.5' ],
243 silly audit   'fraction.js': [ '5.3.4' ],
243 silly audit   'function-bind': [ '1.1.2' ],
243 silly audit   'function.prototype.name': [ '1.1.8' ],
243 silly audit   'functions-have-names': [ '1.2.3' ],
243 silly audit   'generator-function': [ '2.0.1' ],
243 silly audit   gensync: [ '1.0.0-beta.2' ],
243 silly audit   'get-intrinsic': [ '1.3.0' ],
243 silly audit   'get-proto': [ '1.0.1' ],
243 silly audit   'get-symbol-description': [ '1.1.0' ],
243 silly audit   'get-tsconfig': [ '4.13.6' ],
243 silly audit   globalthis: [ '1.0.4' ],
243 silly audit   gopd: [ '1.2.0' ],
243 silly audit   'has-bigints': [ '1.1.0' ],
243 silly audit   'has-flag': [ '4.0.0' ],
243 silly audit   'has-property-descriptors': [ '1.0.2' ],
243 silly audit   'has-proto': [ '1.2.0' ],
243 silly audit   'has-symbols': [ '1.1.0' ],
243 silly audit   'has-tostringtag': [ '1.0.2' ],
243 silly audit   hasown: [ '2.0.2' ],
243 silly audit   'hermes-estree': [ '0.25.1' ],
243 silly audit   'hermes-parser': [ '0.25.1' ],
243 silly audit   'import-fresh': [ '3.3.1' ],
243 silly audit   imurmurhash: [ '0.1.4' ],
243 silly audit   'internal-slot': [ '1.1.0' ],
243 silly audit   'is-array-buffer': [ '3.0.5' ],
243 silly audit   'is-async-function': [ '2.1.1' ],
243 silly audit   'is-bigint': [ '1.1.0' ],
243 silly audit   'is-boolean-object': [ '1.2.2' ],
243 silly audit   'is-bun-module': [ '2.0.0' ],
243 silly audit   'is-callable': [ '1.2.7' ],
243 silly audit   'is-core-module': [ '2.16.1' ],
243 silly audit   'is-data-view': [ '1.0.2' ],
243 silly audit   'is-date-object': [ '1.1.0' ],
243 silly audit   'is-extglob': [ '2.1.1' ],
243 silly audit   'is-finalizationregistry': [ '1.1.1' ],
243 silly audit   'is-generator-function': [ '1.1.2' ],
243 silly audit   'is-glob': [ '4.0.3' ],
243 silly audit   'is-map': [ '2.0.3' ],
243 silly audit   'is-negative-zero': [ '2.0.3' ],
243 silly audit   'is-number': [ '7.0.0' ],
243 silly audit   'is-number-object': [ '1.1.1' ],
243 silly audit   'is-regex': [ '1.2.1' ],
243 silly audit   'is-set': [ '2.0.3' ],
243 silly audit   'is-shared-array-buffer': [ '1.0.4' ],
243 silly audit   'is-string': [ '1.1.1' ],
243 silly audit   'is-symbol': [ '1.1.1' ],
243 silly audit   'is-typed-array': [ '1.1.15' ],
243 silly audit   'is-weakmap': [ '2.0.2' ],
243 silly audit   'is-weakref': [ '1.1.1' ],
243 silly audit   'is-weakset': [ '2.0.4' ],
243 silly audit   isarray: [ '2.0.5' ],
243 silly audit   isexe: [ '2.0.0' ],
243 silly audit   'iterator.prototype': [ '1.1.5' ],
243 silly audit   'js-tokens': [ '4.0.0' ],
243 silly audit   'js-yaml': [ '4.1.1' ],
243 silly audit   jsesc: [ '3.1.0' ],
243 silly audit   'json-buffer': [ '3.0.1' ],
243 silly audit   'json-schema-traverse': [ '0.4.1' ],
243 silly audit   'json-stable-stringify-without-jsonify': [ '1.0.1' ],
243 silly audit   json5: [ '2.2.3', '1.0.2' ],
243 silly audit   'jsx-ast-utils': [ '3.3.5' ],
243 silly audit   keyv: [ '4.5.4' ],
243 silly audit   'language-subtag-registry': [ '0.3.23' ],
243 silly audit   'language-tags': [ '1.0.9' ],
243 silly audit   levn: [ '0.4.1' ],
243 silly audit   'locate-path': [ '6.0.0' ],
243 silly audit   'lodash.merge': [ '4.6.2' ],
243 silly audit   'loose-envify': [ '1.4.0' ],
243 silly audit   'lru-cache': [ '5.1.1' ],
243 silly audit   'math-intrinsics': [ '1.1.0' ],
243 silly audit   merge2: [ '1.4.1' ],
243 silly audit   micromatch: [ '4.0.8' ],
243 silly audit   minimist: [ '1.2.8' ],
243 silly audit   ms: [ '2.1.3' ],
243 silly audit   nanoid: [ '3.3.11' ],
243 silly audit   'napi-postinstall': [ '0.3.4' ],
243 silly audit   'natural-compare': [ '1.4.0' ],
243 silly audit   next: [ '16.1.7' ],
243 silly audit   postcss: [ '8.4.31', '8.5.8' ],
243 silly audit   'node-exports-info': [ '1.6.0' ],
243 silly audit   'node-releases': [ '2.0.36' ],
243 silly audit   'object-assign': [ '4.1.1' ],
243 silly audit   'object-inspect': [ '1.13.4' ],
243 silly audit   'object-keys': [ '1.1.1' ],
243 silly audit   'object.assign': [ '4.1.7' ],
243 silly audit   'object.entries': [ '1.1.9' ],
243 silly audit   'object.fromentries': [ '2.0.8' ],
243 silly audit   'object.groupby': [ '1.0.3' ],
243 silly audit   'object.values': [ '1.2.1' ],
243 silly audit   optionator: [ '0.9.4' ],
243 silly audit   'own-keys': [ '1.0.1' ],
243 silly audit   'p-limit': [ '3.1.0' ],
243 silly audit   'p-locate': [ '5.0.0' ],
243 silly audit   'parent-module': [ '1.0.1' ],
243 silly audit   'path-exists': [ '4.0.0' ],
243 silly audit   'path-key': [ '3.1.1' ],
243 silly audit   'path-parse': [ '1.0.7' ],
243 silly audit   picocolors: [ '1.1.1' ],
243 silly audit   picomatch: [ '2.3.1', '4.0.3' ],
243 silly audit   'possible-typed-array-names': [ '1.1.0' ],
243 silly audit   'postcss-value-parser': [ '4.2.0' ],
243 silly audit   'prelude-ls': [ '1.2.1' ],
243 silly audit   'prop-types': [ '15.8.1' ],
243 silly audit   punycode: [ '2.3.1' ],
243 silly audit   'queue-microtask': [ '1.2.3' ],
243 silly audit   react: [ '19.2.4' ],
243 silly audit   'react-dom': [ '19.2.4' ],
243 silly audit   'react-is': [ '16.13.1' ],
243 silly audit   'reflect.getprototypeof': [ '1.0.10' ],
243 silly audit   'regexp.prototype.flags': [ '1.5.4' ],
243 silly audit   'resolve-from': [ '4.0.0' ],
243 silly audit   'resolve-pkg-maps': [ '1.0.0' ],
243 silly audit   reusify: [ '1.1.0' ],
243 silly audit   'run-parallel': [ '1.2.0' ],
243 silly audit   'safe-array-concat': [ '1.1.3' ],
243 silly audit   'safe-push-apply': [ '1.0.0' ],
243 silly audit   'safe-regex-test': [ '1.1.0' ],
243 silly audit   scheduler: [ '0.27.0' ],
243 silly audit   'set-function-length': [ '1.2.2' ],
243 silly audit   'set-function-name': [ '2.0.2' ],
243 silly audit   'set-proto': [ '1.0.0' ],
243 silly audit   sharp: [ '0.34.5' ],
243 silly audit   'shebang-command': [ '2.0.0' ],
243 silly audit   'shebang-regex': [ '3.0.0' ],
243 silly audit   'side-channel': [ '1.1.0' ],
243 silly audit   'side-channel-list': [ '1.0.0' ],
243 silly audit   'side-channel-map': [ '1.0.1' ],
243 silly audit   'side-channel-weakmap': [ '1.0.2' ],
243 silly audit   'source-map-js': [ '1.2.1' ],
243 silly audit   'stable-hash': [ '0.0.5' ],
243 silly audit   'stop-iteration-iterator': [ '1.1.0' ],
243 silly audit   'string.prototype.includes': [ '2.0.1' ],
243 silly audit   'string.prototype.matchall': [ '4.0.12' ],
243 silly audit   'string.prototype.repeat': [ '1.0.0' ],
243 silly audit   'string.prototype.trim': [ '1.2.10' ],
243 silly audit   'string.prototype.trimend': [ '1.0.9' ],
243 silly audit   'string.prototype.trimstart': [ '1.0.8' ],
243 silly audit   'strip-bom': [ '3.0.0' ],
243 silly audit   'strip-json-comments': [ '3.1.1' ],
243 silly audit   'styled-jsx': [ '5.1.6' ],
243 silly audit   'supports-color': [ '7.2.0' ],
243 silly audit   'supports-preserve-symlinks-flag': [ '1.0.0' ],
243 silly audit   tinyglobby: [ '0.2.15' ],
243 silly audit   fdir: [ '6.5.0' ],
243 silly audit   'to-regex-range': [ '5.0.1' ],
243 silly audit   'ts-api-utils': [ '2.4.0' ],
243 silly audit   'tsconfig-paths': [ '3.15.0' ],
243 silly audit   tslib: [ '2.8.1' ],
243 silly audit   'type-check': [ '0.4.0' ],
243 silly audit   'typed-array-buffer': [ '1.0.3' ],
243 silly audit   'typed-array-byte-length': [ '1.0.3' ],
243 silly audit   'typed-array-byte-offset': [ '1.0.4' ],
243 silly audit   'typed-array-length': [ '1.0.7' ],
243 silly audit   typescript: [ '5.9.3' ],
243 silly audit   'typescript-eslint': [ '8.57.1' ],
243 silly audit   'unbox-primitive': [ '1.1.0' ],
243 silly audit   'undici-types': [ '7.18.2' ],
243 silly audit   'unrs-resolver': [ '1.11.1' ],
243 silly audit   'update-browserslist-db': [ '1.2.3' ],
243 silly audit   'uri-js': [ '4.4.1' ],
243 silly audit   which: [ '2.0.2' ],
243 silly audit   'which-boxed-primitive': [ '1.1.1' ],
243 silly audit   'which-builtin-type': [ '1.2.1' ],
243 silly audit   'which-collection': [ '1.0.2' ],
243 silly audit   'which-typed-array': [ '1.1.20' ],
243 silly audit   'word-wrap': [ '1.2.5' ],
243 silly audit   yallist: [ '3.1.1' ],
243 silly audit   'yocto-queue': [ '0.1.0' ],
243 silly audit   zod: [ '4.3.6' ],
243 silly audit   'zod-validation-error': [ '4.0.2' ],
243 silly audit   tailwindcss: [ '3.4.17' ],
243 silly audit   '@alloc/quick-lru': [ '5.2.0' ],
243 silly audit   arg: [ '5.0.2' ],
243 silly audit   chokidar: [ '3.6.0' ],
243 silly audit   didyoumean: [ '1.2.2' ],
243 silly audit   dlv: [ '1.1.3' ],
243 silly audit   jiti: [ '1.21.7' ],
243 silly audit   lilconfig: [ '3.1.3' ],
243 silly audit   'normalize-path': [ '3.0.0' ],
243 silly audit   'object-hash': [ '3.0.0' ],
243 silly audit   'postcss-import': [ '15.1.0' ],
243 silly audit   'postcss-js': [ '4.1.0' ],
243 silly audit   'postcss-load-config': [ '4.0.2' ],
243 silly audit   'postcss-nested': [ '6.2.0' ],
243 silly audit   'postcss-selector-parser': [ '6.1.2' ],
243 silly audit   sucrase: [ '3.35.1' ],
243 silly audit   anymatch: [ '3.1.3' ],
243 silly audit   fsevents: [ '2.3.3' ],
243 silly audit   'is-binary-path': [ '2.1.0' ],
243 silly audit   readdirp: [ '3.6.0' ],
243 silly audit   'binary-extensions': [ '2.3.0' ],
243 silly audit   'read-cache': [ '1.0.0' ],
243 silly audit   'camelcase-css': [ '2.0.1' ],
243 silly audit   cssesc: [ '3.0.0' ],
243 silly audit   'util-deprecate': [ '1.0.2' ],
243 silly audit   pify: [ '2.3.0' ],
243 silly audit   commander: [ '4.1.1' ],
243 silly audit   'lines-and-columns': [ '1.2.4' ],
243 silly audit   mz: [ '2.7.0' ],
243 silly audit   pirates: [ '4.0.7' ],
243 silly audit   'ts-interface-checker': [ '0.1.13' ],
243 silly audit   'any-promise': [ '1.3.0' ],
243 silly audit   'thenify-all': [ '1.6.0' ],
243 silly audit   thenify: [ '3.3.1' ],
243 silly audit   yaml: [ '2.8.2' ]
243 silly audit }
244 http cache yaml@https://registry.npmjs.org/yaml/-/yaml-2.8.2.tgz 0ms (cache hit)
245 http cache thenify-all@https://registry.npmjs.org/thenify-all/-/thenify-all-1.6.0.tgz 0ms (cache hit)
246 http cache any-promise@https://registry.npmjs.org/any-promise/-/any-promise-1.3.0.tgz 0ms (cache hit)
247 http cache thenify@https://registry.npmjs.org/thenify/-/thenify-3.3.1.tgz 0ms (cache hit)
248 http cache pirates@https://registry.npmjs.org/pirates/-/pirates-4.0.7.tgz 0ms (cache hit)
249 http cache mz@https://registry.npmjs.org/mz/-/mz-2.7.0.tgz 0ms (cache hit)
250 http cache lines-and-columns@https://registry.npmjs.org/lines-and-columns/-/lines-and-columns-1.2.4.tgz 0ms (cache hit)
251 http cache commander@https://registry.npmjs.org/commander/-/commander-4.1.1.tgz 0ms (cache hit)
252 http cache pify@https://registry.npmjs.org/pify/-/pify-2.3.0.tgz 0ms (cache hit)
253 http cache ts-interface-checker@https://registry.npmjs.org/ts-interface-checker/-/ts-interface-checker-0.1.13.tgz 0ms (cache hit)
254 http cache util-deprecate@https://registry.npmjs.org/util-deprecate/-/util-deprecate-1.0.2.tgz 0ms (cache hit)
255 http cache cssesc@https://registry.npmjs.org/cssesc/-/cssesc-3.0.0.tgz 0ms (cache hit)
256 http cache camelcase-css@https://registry.npmjs.org/camelcase-css/-/camelcase-css-2.0.1.tgz 0ms (cache hit)
257 http cache read-cache@https://registry.npmjs.org/read-cache/-/read-cache-1.0.0.tgz 0ms (cache hit)
258 http cache binary-extensions@https://registry.npmjs.org/binary-extensions/-/binary-extensions-2.3.0.tgz 0ms (cache hit)
259 http cache is-binary-path@https://registry.npmjs.org/is-binary-path/-/is-binary-path-2.1.0.tgz 0ms (cache hit)
260 http cache fsevents@https://registry.npmjs.org/fsevents/-/fsevents-2.3.3.tgz 0ms (cache hit)
261 http cache readdirp@https://registry.npmjs.org/readdirp/-/readdirp-3.6.0.tgz 0ms (cache hit)
262 http cache sucrase@https://registry.npmjs.org/sucrase/-/sucrase-3.35.1.tgz 0ms (cache hit)
263 http cache anymatch@https://registry.npmjs.org/anymatch/-/anymatch-3.1.3.tgz 0ms (cache hit)
264 http cache postcss-selector-parser@https://registry.npmjs.org/postcss-selector-parser/-/postcss-selector-parser-6.1.2.tgz 0ms (cache hit)
265 http cache postcss-nested@https://registry.npmjs.org/postcss-nested/-/postcss-nested-6.2.0.tgz 0ms (cache hit)
266 http cache postcss-js@https://registry.npmjs.org/postcss-js/-/postcss-js-4.1.0.tgz 0ms (cache hit)
267 http cache postcss-import@https://registry.npmjs.org/postcss-import/-/postcss-import-15.1.0.tgz 0ms (cache hit)
268 http cache object-hash@https://registry.npmjs.org/object-hash/-/object-hash-3.0.0.tgz 0ms (cache hit)
269 http cache normalize-path@https://registry.npmjs.org/normalize-path/-/normalize-path-3.0.0.tgz 0ms (cache hit)
270 http cache lilconfig@https://registry.npmjs.org/lilconfig/-/lilconfig-3.1.3.tgz 0ms (cache hit)
271 http cache jiti@https://registry.npmjs.org/jiti/-/jiti-1.21.7.tgz 0ms (cache hit)
272 http cache didyoumean@https://registry.npmjs.org/didyoumean/-/didyoumean-1.2.2.tgz 0ms (cache hit)
273 http cache dlv@https://registry.npmjs.org/dlv/-/dlv-1.1.3.tgz 0ms (cache hit)
274 http cache chokidar@https://registry.npmjs.org/chokidar/-/chokidar-3.6.0.tgz 0ms (cache hit)
275 http cache arg@https://registry.npmjs.org/arg/-/arg-5.0.2.tgz 0ms (cache hit)
276 http cache @alloc/quick-lru@https://registry.npmjs.org/@alloc/quick-lru/-/quick-lru-5.2.0.tgz 0ms (cache hit)
277 http cache tailwindcss@https://registry.npmjs.org/tailwindcss/-/tailwindcss-3.4.17.tgz 0ms (cache hit)
278 http cache postcss-load-config@https://registry.npmjs.org/postcss-load-config/-/postcss-load-config-4.0.2.tgz 0ms (cache hit)
279 http cache fast-glob@https://registry.npmjs.org/fast-glob/-/fast-glob-3.3.3.tgz 0ms (cache hit)
280 http cache glob-parent@https://registry.npmjs.org/glob-parent/-/glob-parent-5.1.2.tgz 0ms (cache hit)
281 http cache glob-parent@https://registry.npmjs.org/glob-parent/-/glob-parent-5.1.2.tgz 0ms (cache hit)
282 silly tarball no local data for yaml@https://registry.npmjs.org/yaml/-/yaml-2.8.2.tgz. Extracting by manifest.
283 silly tarball no local data for thenify-all@https://registry.npmjs.org/thenify-all/-/thenify-all-1.6.0.tgz. Extracting by manifest.
284 silly tarball no local data for any-promise@https://registry.npmjs.org/any-promise/-/any-promise-1.3.0.tgz. Extracting by manifest.
285 silly tarball no local data for thenify@https://registry.npmjs.org/thenify/-/thenify-3.3.1.tgz. Extracting by manifest.
286 silly tarball no local data for pirates@https://registry.npmjs.org/pirates/-/pirates-4.0.7.tgz. Extracting by manifest.
287 silly tarball no local data for mz@https://registry.npmjs.org/mz/-/mz-2.7.0.tgz. Extracting by manifest.
288 silly tarball no local data for lines-and-columns@https://registry.npmjs.org/lines-and-columns/-/lines-and-columns-1.2.4.tgz. Extracting by manifest.
289 silly tarball no local data for commander@https://registry.npmjs.org/commander/-/commander-4.1.1.tgz. Extracting by manifest.
290 silly tarball no local data for pify@https://registry.npmjs.org/pify/-/pify-2.3.0.tgz. Extracting by manifest.
291 silly tarball no local data for ts-interface-checker@https://registry.npmjs.org/ts-interface-checker/-/ts-interface-checker-0.1.13.tgz. Extracting by manifest.
292 silly tarball no local data for util-deprecate@https://registry.npmjs.org/util-deprecate/-/util-deprecate-1.0.2.tgz. Extracting by manifest.
293 silly tarball no local data for cssesc@https://registry.npmjs.org/cssesc/-/cssesc-3.0.0.tgz. Extracting by manifest.
294 silly tarball no local data for camelcase-css@https://registry.npmjs.org/camelcase-css/-/camelcase-css-2.0.1.tgz. Extracting by manifest.
295 silly tarball no local data for read-cache@https://registry.npmjs.org/read-cache/-/read-cache-1.0.0.tgz. Extracting by manifest.
296 silly tarball no local data for binary-extensions@https://registry.npmjs.org/binary-extensions/-/binary-extensions-2.3.0.tgz. Extracting by manifest.
297 silly tarball no local data for is-binary-path@https://registry.npmjs.org/is-binary-path/-/is-binary-path-2.1.0.tgz. Extracting by manifest.
298 silly tarball no local data for fsevents@https://registry.npmjs.org/fsevents/-/fsevents-2.3.3.tgz. Extracting by manifest.
299 silly tarball no local data for readdirp@https://registry.npmjs.org/readdirp/-/readdirp-3.6.0.tgz. Extracting by manifest.
300 silly tarball no local data for sucrase@https://registry.npmjs.org/sucrase/-/sucrase-3.35.1.tgz. Extracting by manifest.
301 silly tarball no local data for anymatch@https://registry.npmjs.org/anymatch/-/anymatch-3.1.3.tgz. Extracting by manifest.
302 silly tarball no local data for postcss-selector-parser@https://registry.npmjs.org/postcss-selector-parser/-/postcss-selector-parser-6.1.2.tgz. Extracting by manifest.
303 silly tarball no local data for postcss-nested@https://registry.npmjs.org/postcss-nested/-/postcss-nested-6.2.0.tgz. Extracting by manifest.
304 silly tarball no local data for postcss-js@https://registry.npmjs.org/postcss-js/-/postcss-js-4.1.0.tgz. Extracting by manifest.
305 silly tarball no local data for postcss-import@https://registry.npmjs.org/postcss-import/-/postcss-import-15.1.0.tgz. Extracting by manifest.
306 silly tarball no local data for object-hash@https://registry.npmjs.org/object-hash/-/object-hash-3.0.0.tgz. Extracting by manifest.
307 silly tarball no local data for normalize-path@https://registry.npmjs.org/normalize-path/-/normalize-path-3.0.0.tgz. Extracting by manifest.
308 silly tarball no local data for lilconfig@https://registry.npmjs.org/lilconfig/-/lilconfig-3.1.3.tgz. Extracting by manifest.
309 silly tarball no local data for jiti@https://registry.npmjs.org/jiti/-/jiti-1.21.7.tgz. Extracting by manifest.
310 silly tarball no local data for didyoumean@https://registry.npmjs.org/didyoumean/-/didyoumean-1.2.2.tgz. Extracting by manifest.
311 silly tarball no local data for dlv@https://registry.npmjs.org/dlv/-/dlv-1.1.3.tgz. Extracting by manifest.
312 silly tarball no local data for chokidar@https://registry.npmjs.org/chokidar/-/chokidar-3.6.0.tgz. Extracting by manifest.
313 silly tarball no local data for arg@https://registry.npmjs.org/arg/-/arg-5.0.2.tgz. Extracting by manifest.
314 silly tarball no local data for @alloc/quick-lru@https://registry.npmjs.org/@alloc/quick-lru/-/quick-lru-5.2.0.tgz. Extracting by manifest.
315 silly tarball no local data for tailwindcss@https://registry.npmjs.org/tailwindcss/-/tailwindcss-3.4.17.tgz. Extracting by manifest.
316 silly tarball no local data for postcss-load-config@https://registry.npmjs.org/postcss-load-config/-/postcss-load-config-4.0.2.tgz. Extracting by manifest.
317 silly tarball no local data for fast-glob@https://registry.npmjs.org/fast-glob/-/fast-glob-3.3.3.tgz. Extracting by manifest.
318 http fetch GET 200 https://registry.npmjs.org/util-deprecate/-/util-deprecate-1.0.2.tgz 24ms (cache miss)
319 http fetch GET 200 https://registry.npmjs.org/pify/-/pify-2.3.0.tgz 35ms (cache miss)
320 http fetch GET 200 https://registry.npmjs.org/pirates/-/pirates-4.0.7.tgz 36ms (cache miss)
321 http fetch GET 200 https://registry.npmjs.org/mz/-/mz-2.7.0.tgz 36ms (cache miss)
322 http fetch GET 200 https://registry.npmjs.org/thenify/-/thenify-3.3.1.tgz 37ms (cache miss)
323 http fetch GET 200 https://registry.npmjs.org/thenify-all/-/thenify-all-1.6.0.tgz 38ms (cache miss)
324 http fetch GET 200 https://registry.npmjs.org/ts-interface-checker/-/ts-interface-checker-0.1.13.tgz 38ms (cache miss)
325 http fetch GET 200 https://registry.npmjs.org/any-promise/-/any-promise-1.3.0.tgz 42ms (cache miss)
326 http fetch GET 200 https://registry.npmjs.org/commander/-/commander-4.1.1.tgz 44ms (cache miss)
327 http fetch GET 200 https://registry.npmjs.org/cssesc/-/cssesc-3.0.0.tgz 45ms (cache miss)
328 http fetch GET 200 https://registry.npmjs.org/binary-extensions/-/binary-extensions-2.3.0.tgz 45ms (cache miss)
329 http fetch GET 200 https://registry.npmjs.org/lines-and-columns/-/lines-and-columns-1.2.4.tgz 47ms (cache miss)
330 http fetch GET 200 https://registry.npmjs.org/fsevents/-/fsevents-2.3.3.tgz 53ms (cache miss)
331 http fetch GET 200 https://registry.npmjs.org/readdirp/-/readdirp-3.6.0.tgz 56ms (cache miss)
332 http fetch GET 200 https://registry.npmjs.org/anymatch/-/anymatch-3.1.3.tgz 63ms (cache miss)
333 http fetch GET 200 https://registry.npmjs.org/is-binary-path/-/is-binary-path-2.1.0.tgz 65ms (cache miss)
334 http fetch GET 200 https://registry.npmjs.org/postcss-nested/-/postcss-nested-6.2.0.tgz 64ms (cache miss)
335 http fetch GET 200 https://registry.npmjs.org/normalize-path/-/normalize-path-3.0.0.tgz 63ms (cache miss)
336 http fetch GET 200 https://registry.npmjs.org/postcss-js/-/postcss-js-4.1.0.tgz 64ms (cache miss)
337 http fetch GET 200 https://registry.npmjs.org/object-hash/-/object-hash-3.0.0.tgz 69ms (cache miss)
338 http fetch GET 200 https://registry.npmjs.org/postcss-import/-/postcss-import-15.1.0.tgz 70ms (cache miss)
339 http fetch GET 200 https://registry.npmjs.org/postcss-selector-parser/-/postcss-selector-parser-6.1.2.tgz 72ms (cache miss)
340 http fetch GET 200 https://registry.npmjs.org/lilconfig/-/lilconfig-3.1.3.tgz 77ms (cache miss)
341 http fetch GET 200 https://registry.npmjs.org/read-cache/-/read-cache-1.0.0.tgz 82ms (cache miss)
342 http fetch GET 200 https://registry.npmjs.org/didyoumean/-/didyoumean-1.2.2.tgz 80ms (cache miss)
343 http fetch GET 200 https://registry.npmjs.org/chokidar/-/chokidar-3.6.0.tgz 82ms (cache miss)
344 http fetch GET 200 https://registry.npmjs.org/camelcase-css/-/camelcase-css-2.0.1.tgz 88ms (cache miss)
345 http fetch GET 200 https://registry.npmjs.org/dlv/-/dlv-1.1.3.tgz 92ms (cache miss)
346 http fetch GET 200 https://registry.npmjs.org/arg/-/arg-5.0.2.tgz 92ms (cache miss)
347 http fetch GET 200 https://registry.npmjs.org/postcss-load-config/-/postcss-load-config-4.0.2.tgz 93ms (cache miss)
348 http fetch GET 200 https://registry.npmjs.org/@alloc/quick-lru/-/quick-lru-5.2.0.tgz 97ms (cache miss)
349 http fetch GET 200 https://registry.npmjs.org/jiti/-/jiti-1.21.7.tgz 100ms (cache miss)
350 http fetch GET 200 https://registry.npmjs.org/fast-glob/-/fast-glob-3.3.3.tgz 107ms (cache miss)
351 http fetch GET 200 https://registry.npmjs.org/yaml/-/yaml-2.8.2.tgz 116ms (cache miss)
352 http fetch GET 200 https://registry.npmjs.org/sucrase/-/sucrase-3.35.1.tgz 120ms (cache miss)
353 http fetch GET 200 https://registry.npmjs.org/tailwindcss/-/tailwindcss-3.4.17.tgz 135ms (cache miss)
354 info run fsevents@2.3.3 install node_modules/fsevents node-gyp rebuild
355 http fetch POST 200 https://registry.npmjs.org/-/npm/v1/security/advisories/bulk 264ms
356 silly audit report {}
357 info run fsevents@2.3.3 install { code: 1, signal: null }
358 verbose reify failed optional dependency /Users/pb09/ux-portfolio/node_modules/fsevents
359 silly reify mark deleted [ '/Users/pb09/ux-portfolio/node_modules/fsevents' ]
360 silly ADD node_modules/yaml
361 silly ADD node_modules/thenify
362 silly ADD node_modules/thenify-all
363 silly ADD node_modules/any-promise
364 silly ADD node_modules/ts-interface-checker
365 silly ADD node_modules/pirates
366 silly ADD node_modules/mz
367 silly ADD node_modules/lines-and-columns
368 silly ADD node_modules/commander
369 silly ADD node_modules/pify
370 silly ADD node_modules/util-deprecate
371 silly ADD node_modules/cssesc
372 silly ADD node_modules/camelcase-css
373 silly ADD node_modules/read-cache
374 silly ADD node_modules/binary-extensions
375 silly ADD node_modules/readdirp
376 silly ADD node_modules/is-binary-path
377 silly ADD
378 silly ADD node_modules/anymatch
379 silly ADD node_modules/sucrase
380 silly ADD node_modules/postcss-selector-parser
381 silly ADD node_modules/postcss-nested
382 silly ADD node_modules/postcss-js
383 silly ADD node_modules/postcss-import
384 silly ADD node_modules/object-hash
385 silly ADD node_modules/normalize-path
386 silly ADD node_modules/lilconfig
387 silly ADD node_modules/jiti
388 silly ADD node_modules/dlv
389 silly ADD node_modules/didyoumean
390 silly ADD node_modules/chokidar
391 silly ADD node_modules/chokidar/node_modules/glob-parent
392 silly ADD node_modules/arg
393 silly ADD node_modules/@alloc/quick-lru
394 silly CHANGE node_modules/tailwindcss
395 silly ADD node_modules/tailwindcss/node_modules/postcss-load-config
396 silly ADD node_modules/tailwindcss/node_modules/fast-glob
397 silly ADD node_modules/tailwindcss/node_modules/fast-glob/node_modules/glob-parent
398 verbose cwd /Users/pb09/ux-portfolio
399 verbose os Darwin 25.2.0
400 verbose node v25.8.1
401 verbose npm  v11.11.0
402 verbose exit 0
403 info ok
