0 verbose cli /opt/homebrew/Cellar/node/25.8.1_1/bin/node /opt/homebrew/bin/npm
1 info using npm@11.11.0
2 info using node@v25.8.1
3 silly config load:file:/opt/homebrew/lib/node_modules/npm/npmrc
4 silly config load:file:/Users/pb09/ux-portfolio/.npmrc
5 silly config load:file:/Users/pb09/.npmrc
6 silly config load:file:/opt/homebrew/etc/npmrc
7 verbose title npm install next@15 eslint-config-next@15
8 verbose argv "install" "next@15" "eslint-config-next@15" "--cache" ".npm-cache"
9 verbose logfile logs-max:10 dir:/Users/pb09/ux-portfolio/.npm-cache/_logs/2026-03-17T10_27_14_430Z-
10 verbose logfile /Users/pb09/ux-portfolio/.npm-cache/_logs/2026-03-17T10_27_14_430Z-debug-0.log
11 silly logfile done cleaning log files
12 silly packumentCache heap:4496293888 maxSize:1124073472 maxEntrySize:562036736
13 silly idealTree buildDeps
14 silly fetch manifest next@15
15 silly packumentCache full:https://registry.npmjs.org/next cache-miss
16 http cache https://registry.npmjs.org/next 47ms (cache hit)
17 silly packumentCache full:https://registry.npmjs.org/next set size:29637446 disposed:false
18 silly fetch manifest @opentelemetry/api@^1.1.0
19 silly packumentCache full:https://registry.npmjs.org/@opentelemetry%2fapi cache-miss
20 http cache https://registry.npmjs.org/@opentelemetry%2fapi 7ms (cache hit)
21 silly packumentCache full:https://registry.npmjs.org/@opentelemetry%2fapi set size:455678 disposed:false
22 silly fetch manifest @playwright/test@^1.51.1
23 silly packumentCache full:https://registry.npmjs.org/@playwright%2ftest cache-miss
24 http cache https://registry.npmjs.org/@playwright%2ftest 8ms (cache hit)
25 silly packumentCache full:https://registry.npmjs.org/@playwright%2ftest set size:8853685 disposed:false
26 silly fetch manifest babel-plugin-react-compiler@*
27 silly packumentCache full:https://registry.npmjs.org/babel-plugin-react-compiler cache-miss
28 http cache https://registry.npmjs.org/babel-plugin-react-compiler 2ms (cache hit)
29 silly packumentCache full:https://registry.npmjs.org/babel-plugin-react-compiler set size:1277426 disposed:false
30 silly fetch manifest react@^19.2.4
31 silly packumentCache full:https://registry.npmjs.org/react cache-miss
32 http cache https://registry.npmjs.org/react 6ms (cache hit)
33 silly packumentCache full:https://registry.npmjs.org/react set size:6543561 disposed:false
34 silly fetch manifest react-dom@^19.2.4
35 silly packumentCache full:https://registry.npmjs.org/react-dom cache-miss
36 http cache https://registry.npmjs.org/react-dom 8ms (cache hit)
37 silly packumentCache full:https://registry.npmjs.org/react-dom set size:8685222 disposed:false
38 silly fetch manifest sass@^1.3.0
39 silly packumentCache full:https://registry.npmjs.org/sass cache-miss
40 http cache https://registry.npmjs.org/sass 2ms (cache hit)
41 silly packumentCache full:https://registry.npmjs.org/sass set size:724154 disposed:false
42 silly fetch manifest eslint-config-next@15
43 silly packumentCache full:https://registry.npmjs.org/eslint-config-next cache-miss
44 http cache https://registry.npmjs.org/eslint-config-next 6ms (cache hit)
45 silly packumentCache full:https://registry.npmjs.org/eslint-config-next set size:6447979 disposed:false
46 silly fetch manifest eslint@^9.39.4
47 silly packumentCache full:https://registry.npmjs.org/eslint cache-miss
48 http cache https://registry.npmjs.org/eslint 3ms (cache hit)
49 silly packumentCache full:https://registry.npmjs.org/eslint set size:1963267 disposed:false
50 silly fetch manifest jiti@*
51 silly packumentCache full:https://registry.npmjs.org/jiti cache-miss
52 http cache https://registry.npmjs.org/jiti 1ms (cache hit)
53 silly packumentCache full:https://registry.npmjs.org/jiti set size:382310 disposed:false
54 silly fetch manifest typescript@^5.9.3
55 silly packumentCache full:https://registry.npmjs.org/typescript cache-miss
56 http cache https://registry.npmjs.org/typescript 10ms (cache hit)
57 silly packumentCache full:https://registry.npmjs.org/typescript set size:15365987 disposed:false
58 silly placeDep ROOT eslint-config-next@15.5.13 REPLACE for: ux-portfolio@1.0.0 want: 15
59 silly placeDep ROOT next@15.5.13 REPLACE for: ux-portfolio@1.0.0 want: 15
60 silly fetch manifest @rushstack/eslint-patch@^1.10.3
61 silly packumentCache full:https://registry.npmjs.org/@rushstack%2feslint-patch cache-miss
62 silly fetch manifest @next/eslint-plugin-next@15.5.13
63 silly packumentCache full:https://registry.npmjs.org/@next%2feslint-plugin-next cache-miss
64 silly fetch manifest @typescript-eslint/parser@^5.4.2 || ^6.0.0 || ^7.0.0 || ^8.0.0
65 silly packumentCache full:https://registry.npmjs.org/@typescript-eslint%2fparser cache-miss
66 silly fetch manifest eslint-plugin-react-hooks@^5.0.0
67 silly packumentCache full:https://registry.npmjs.org/eslint-plugin-react-hooks cache-miss
68 silly fetch manifest @typescript-eslint/eslint-plugin@^5.4.2 || ^6.0.0 || ^7.0.0 || ^8.0.0
69 silly packumentCache full:https://registry.npmjs.org/@typescript-eslint%2feslint-plugin cache-miss
70 silly fetch manifest @next/env@15.5.13
71 silly packumentCache full:https://registry.npmjs.org/@next%2fenv cache-miss
72 silly fetch manifest @next/swc-darwin-x64@15.5.13
73 silly packumentCache full:https://registry.npmjs.org/@next%2fswc-darwin-x64 cache-miss
74 silly fetch manifest @next/swc-darwin-arm64@15.5.13
75 silly packumentCache full:https://registry.npmjs.org/@next%2fswc-darwin-arm64 cache-miss
76 silly fetch manifest @next/swc-linux-x64-gnu@15.5.13
77 silly packumentCache full:https://registry.npmjs.org/@next%2fswc-linux-x64-gnu cache-miss
78 silly fetch manifest @next/swc-linux-x64-musl@15.5.13
79 silly packumentCache full:https://registry.npmjs.org/@next%2fswc-linux-x64-musl cache-miss
80 silly fetch manifest @next/swc-win32-x64-msvc@15.5.13
81 silly packumentCache full:https://registry.npmjs.org/@next%2fswc-win32-x64-msvc cache-miss
82 silly fetch manifest @next/swc-linux-arm64-gnu@15.5.13
83 silly packumentCache full:https://registry.npmjs.org/@next%2fswc-linux-arm64-gnu cache-miss
84 silly fetch manifest @next/swc-linux-arm64-musl@15.5.13
85 silly packumentCache full:https://registry.npmjs.org/@next%2fswc-linux-arm64-musl cache-miss
86 http cache https://registry.npmjs.org/@next%2fswc-darwin-x64 19ms (cache hit)
87 silly packumentCache full:https://registry.npmjs.org/@next%2fswc-darwin-x64 set size:5033679 disposed:false
88 silly fetch manifest @next/swc-win32-arm64-msvc@15.5.13
89 silly packumentCache full:https://registry.npmjs.org/@next%2fswc-win32-arm64-msvc cache-miss
90 http cache https://registry.npmjs.org/eslint-plugin-react-hooks 32ms (cache hit)
91 silly packumentCache full:https://registry.npmjs.org/eslint-plugin-react-hooks set size:7219804 disposed:false
92 http cache https://registry.npmjs.org/@next%2fenv 55ms (cache hit)
93 silly packumentCache full:https://registry.npmjs.org/@next%2fenv set size:7050196 disposed:false
94 http cache https://registry.npmjs.org/@next%2feslint-plugin-next 75ms (cache hit)
95 silly packumentCache full:https://registry.npmjs.org/@next%2feslint-plugin-next set size:6585286 disposed:false
96 http cache https://registry.npmjs.org/@typescript-eslint%2fparser 99ms (cache hit)
97 silly packumentCache full:https://registry.npmjs.org/@typescript-eslint%2fparser set size:14893708 disposed:false
98 http cache https://registry.npmjs.org/@next%2fswc-win32-x64-msvc 123ms (cache hit)
99 silly packumentCache full:https://registry.npmjs.org/@next%2fswc-win32-x64-msvc set size:5108753 disposed:false
100 http cache https://registry.npmjs.org/@next%2fswc-darwin-arm64 134ms (cache hit)
101 silly packumentCache full:https://registry.npmjs.org/@next%2fswc-darwin-arm64 set size:5088901 disposed:false
102 http cache https://registry.npmjs.org/@next%2fswc-linux-arm64-gnu 151ms (cache hit)
103 silly packumentCache full:https://registry.npmjs.org/@next%2fswc-linux-arm64-gnu set size:4938364 disposed:false
104 http cache https://registry.npmjs.org/@next%2fswc-linux-arm64-musl 168ms (cache hit)
105 silly packumentCache full:https://registry.npmjs.org/@next%2fswc-linux-arm64-musl set size:4955569 disposed:false
106 http cache https://registry.npmjs.org/@next%2fswc-linux-x64-gnu 178ms (cache hit)
107 silly packumentCache full:https://registry.npmjs.org/@next%2fswc-linux-x64-gnu set size:5135903 disposed:false
108 http cache https://registry.npmjs.org/@typescript-eslint%2feslint-plugin 196ms (cache hit)
109 silly packumentCache full:https://registry.npmjs.org/@typescript-eslint%2feslint-plugin set size:17527841 disposed:false
110 http cache https://registry.npmjs.org/@next%2fswc-linux-x64-musl 237ms (cache hit)
111 silly packumentCache full:https://registry.npmjs.org/@next%2fswc-linux-x64-musl set size:4892209 disposed:false
112 http cache https://registry.npmjs.org/@next%2fswc-win32-arm64-msvc 220ms (cache hit)
113 silly packumentCache full:https://registry.npmjs.org/@next%2fswc-win32-arm64-msvc set size:4921029 disposed:false
114 http fetch GET 200 https://registry.npmjs.org/@rushstack%2feslint-patch 308ms (cache miss)
115 silly packumentCache full:https://registry.npmjs.org/@rushstack%2feslint-patch set size:undefined disposed:false
116 silly fetch manifest eslint@^7.23.0 || ^8.0.0 || ^9.0.0
117 silly packumentCache full:https://registry.npmjs.org/eslint cache-miss
118 http cache https://registry.npmjs.org/eslint 2ms (cache hit)
119 silly packumentCache full:https://registry.npmjs.org/eslint set size:1963267 disposed:false
120 silly fetch manifest typescript@>=3.3.1
121 silly packumentCache full:https://registry.npmjs.org/typescript cache-miss
122 http cache https://registry.npmjs.org/typescript 11ms (cache hit)
123 silly packumentCache full:https://registry.npmjs.org/typescript set size:15365987 disposed:false
124 silly placeDep ROOT @next/eslint-plugin-next@15.5.13 OK for: eslint-config-next@15.5.13 want: 15.5.13
125 silly placeDep ROOT @rushstack/eslint-patch@1.16.1 OK for: eslint-config-next@15.5.13 want: ^1.10.3
126 silly placeDep ROOT @typescript-eslint/eslint-plugin@8.57.1 OK for: eslint-config-next@15.5.13 want: ^5.4.2 || ^6.0.0 || ^7.0.0 || ^8.0.0
127 silly placeDep ROOT @typescript-eslint/parser@8.57.1 OK for: @typescript-eslint/eslint-plugin@8.57.1 want: ^8.57.1
128 silly placeDep ROOT eslint-plugin-react-hooks@5.2.0 OK for: eslint-config-next@15.5.13 want: ^5.0.0
129 silly fetch manifest fast-glob@3.3.1
130 silly packumentCache full:https://registry.npmjs.org/fast-glob cache-miss
131 silly fetch manifest ignore@^7.0.5
132 silly packumentCache full:https://registry.npmjs.org/ignore cache-miss
133 silly fetch manifest ts-api-utils@^2.4.0
134 silly packumentCache full:https://registry.npmjs.org/ts-api-utils cache-miss
135 silly fetch manifest @typescript-eslint/utils@8.57.1
136 silly packumentCache full:https://registry.npmjs.org/@typescript-eslint%2futils cache-miss
137 silly fetch manifest @typescript-eslint/type-utils@8.57.1
138 silly packumentCache full:https://registry.npmjs.org/@typescript-eslint%2ftype-utils cache-miss
139 silly fetch manifest @typescript-eslint/visitor-keys@8.57.1
140 silly packumentCache full:https://registry.npmjs.org/@typescript-eslint%2fvisitor-keys cache-miss
141 silly fetch manifest @typescript-eslint/scope-manager@8.57.1
142 silly packumentCache full:https://registry.npmjs.org/@typescript-eslint%2fscope-manager cache-miss
143 silly fetch manifest @typescript-eslint/types@8.57.1
144 silly packumentCache full:https://registry.npmjs.org/@typescript-eslint%2ftypes cache-miss
145 silly fetch manifest @typescript-eslint/visitor-keys@8.57.1
146 silly packumentCache full:https://registry.npmjs.org/@typescript-eslint%2fvisitor-keys cache-miss
147 silly fetch manifest @typescript-eslint/scope-manager@8.57.1
148 silly packumentCache full:https://registry.npmjs.org/@typescript-eslint%2fscope-manager cache-miss
149 silly fetch manifest @typescript-eslint/typescript-estree@8.57.1
150 silly packumentCache full:https://registry.npmjs.org/@typescript-eslint%2ftypescript-estree cache-miss
151 http cache https://registry.npmjs.org/ignore 6ms (cache hit)
152 silly packumentCache full:https://registry.npmjs.org/ignore set size:237380 disposed:false
153 http cache https://registry.npmjs.org/@typescript-eslint%2ftype-utils 13ms (cache hit)
154 silly packumentCache full:https://registry.npmjs.org/@typescript-eslint%2ftype-utils set size:9013138 disposed:false
155 http cache https://registry.npmjs.org/ts-api-utils 29ms (cache hit)
156 silly packumentCache full:https://registry.npmjs.org/ts-api-utils set size:220519 disposed:false
157 http cache https://registry.npmjs.org/fast-glob 32ms (cache hit)
158 silly packumentCache full:https://registry.npmjs.org/fast-glob set size:220556 disposed:false
159 http cache https://registry.npmjs.org/@typescript-eslint%2fvisitor-keys 39ms (cache hit)
160 silly packumentCache full:https://registry.npmjs.org/@typescript-eslint%2fvisitor-keys set size:11563344 disposed:false
161 http cache https://registry.npmjs.org/@typescript-eslint%2fvisitor-keys 70ms (cache hit)
162 silly packumentCache full:https://registry.npmjs.org/@typescript-eslint%2fvisitor-keys set size:11563344 disposed:false
163 http cache https://registry.npmjs.org/@typescript-eslint%2futils 103ms (cache hit)
164 silly packumentCache full:https://registry.npmjs.org/@typescript-eslint%2futils set size:9812110 disposed:false
165 http cache https://registry.npmjs.org/@typescript-eslint%2fscope-manager 125ms (cache hit)
166 silly packumentCache full:https://registry.npmjs.org/@typescript-eslint%2fscope-manager set size:12135420 disposed:false
167 http cache https://registry.npmjs.org/@typescript-eslint%2fscope-manager 152ms (cache hit)
168 silly packumentCache full:https://registry.npmjs.org/@typescript-eslint%2fscope-manager set size:12135420 disposed:false
169 http cache https://registry.npmjs.org/@typescript-eslint%2ftypescript-estree 184ms (cache hit)
170 silly packumentCache full:https://registry.npmjs.org/@typescript-eslint%2ftypescript-estree set size:16062458 disposed:false
171 http cache https://registry.npmjs.org/@typescript-eslint%2ftypes 227ms (cache hit)
172 silly packumentCache full:https://registry.npmjs.org/@typescript-eslint%2ftypes set size:11941716 disposed:false
173 silly placeDep ROOT fast-glob@3.3.1 OK for: @next/eslint-plugin-next@15.5.13 want: 3.3.1
174 silly fetch manifest glob-parent@^5.1.2
175 silly packumentCache full:https://registry.npmjs.org/glob-parent cache-miss
176 http cache https://registry.npmjs.org/glob-parent 1ms (cache hit)
177 silly packumentCache full:https://registry.npmjs.org/glob-parent set size:42445 disposed:false
178 silly fetch manifest typescript@>=4.8.4 <6.0.0
179 silly packumentCache full:https://registry.npmjs.org/typescript cache-miss
180 http cache https://registry.npmjs.org/typescript 10ms (cache hit)
181 silly packumentCache full:https://registry.npmjs.org/typescript set size:15365987 disposed:false
182 silly fetch manifest eslint@^8.57.0 || ^9.0.0 || ^10.0.0
183 silly packumentCache full:https://registry.npmjs.org/eslint cache-miss
184 http cache https://registry.npmjs.org/eslint 2ms (cache hit)
185 silly packumentCache full:https://registry.npmjs.org/eslint set size:1963267 disposed:false
186 silly placeDep ROOT @typescript-eslint/scope-manager@8.57.1 OK for: @typescript-eslint/eslint-plugin@8.57.1 want: 8.57.1
187 silly placeDep ROOT @typescript-eslint/type-utils@8.57.1 OK for: @typescript-eslint/eslint-plugin@8.57.1 want: 8.57.1
188 silly placeDep ROOT @typescript-eslint/utils@8.57.1 OK for: @typescript-eslint/eslint-plugin@8.57.1 want: 8.57.1
189 silly placeDep ROOT @typescript-eslint/visitor-keys@8.57.1 OK for: @typescript-eslint/eslint-plugin@8.57.1 want: 8.57.1
190 silly placeDep node_modules/@typescript-eslint/eslint-plugin ignore@7.0.5 OK for: @typescript-eslint/eslint-plugin@8.57.1 want: ^7.0.5
191 silly placeDep ROOT ts-api-utils@2.4.0 OK for: @typescript-eslint/eslint-plugin@8.57.1 want: ^2.4.0
192 silly fetch manifest eslint-visitor-keys@^5.0.0
193 silly packumentCache full:https://registry.npmjs.org/eslint-visitor-keys cache-miss
194 http cache https://registry.npmjs.org/eslint-visitor-keys 3ms (cache hit)
195 silly packumentCache full:https://registry.npmjs.org/eslint-visitor-keys set size:69949 disposed:false
196 silly placeDep ROOT @typescript-eslint/types@8.57.1 OK for: @typescript-eslint/parser@8.57.1 want: 8.57.1
197 silly placeDep ROOT @typescript-eslint/typescript-estree@8.57.1 OK for: @typescript-eslint/parser@8.57.1 want: 8.57.1
198 silly fetch manifest minimatch@^10.2.2
199 silly packumentCache full:https://registry.npmjs.org/minimatch cache-miss
200 silly fetch manifest @typescript-eslint/tsconfig-utils@8.57.1
201 silly packumentCache full:https://registry.npmjs.org/@typescript-eslint%2ftsconfig-utils cache-miss
202 silly fetch manifest @typescript-eslint/project-service@8.57.1
203 silly packumentCache full:https://registry.npmjs.org/@typescript-eslint%2fproject-service cache-miss
204 http cache https://registry.npmjs.org/@typescript-eslint%2ftsconfig-utils 3ms (cache hit)
205 silly packumentCache full:https://registry.npmjs.org/@typescript-eslint%2ftsconfig-utils set size:970770 disposed:false
206 http cache https://registry.npmjs.org/@typescript-eslint%2fproject-service 5ms (cache hit)
207 silly packumentCache full:https://registry.npmjs.org/@typescript-eslint%2fproject-service set size:1031794 disposed:false
208 http cache https://registry.npmjs.org/minimatch 7ms (cache hit)
209 silly packumentCache full:https://registry.npmjs.org/minimatch set size:352359 disposed:false
210 silly placeDep ROOT @typescript-eslint/project-service@8.57.1 OK for: @typescript-eslint/typescript-estree@8.57.1 want: 8.57.1
211 silly placeDep ROOT @typescript-eslint/tsconfig-utils@8.57.1 OK for: @typescript-eslint/typescript-estree@8.57.1 want: 8.57.1
212 silly placeDep node_modules/@typescript-eslint/typescript-estree minimatch@10.2.4 OK for: @typescript-eslint/typescript-estree@8.57.1 want: ^10.2.2
213 silly fetch manifest @typescript-eslint/tsconfig-utils@^8.57.1
214 silly packumentCache full:https://registry.npmjs.org/@typescript-eslint%2ftsconfig-utils cache-hit
215 silly fetch manifest brace-expansion@^5.0.2
216 silly packumentCache full:https://registry.npmjs.org/brace-expansion cache-miss
217 http cache https://registry.npmjs.org/brace-expansion 1ms (cache hit)
218 silly packumentCache full:https://registry.npmjs.org/brace-expansion set size:55744 disposed:false
219 silly placeDep node_modules/@typescript-eslint/visitor-keys eslint-visitor-keys@5.0.1 OK for: @typescript-eslint/visitor-keys@8.57.1 want: ^5.0.0
220 silly placeDep node_modules/fast-glob glob-parent@5.1.2 OK for: fast-glob@3.3.1 want: ^5.1.2
221 silly placeDep ROOT @next/env@15.5.13 OK for: next@15.5.13 want: 15.5.13
222 silly placeDep ROOT @next/swc-darwin-arm64@15.5.13 OK for: next@15.5.13 want: 15.5.13
223 silly placeDep ROOT @next/swc-darwin-x64@15.5.13 OK for: next@15.5.13 want: 15.5.13
224 silly placeDep ROOT @next/swc-linux-arm64-gnu@15.5.13 OK for: next@15.5.13 want: 15.5.13
225 silly placeDep ROOT @next/swc-linux-arm64-musl@15.5.13 OK for: next@15.5.13 want: 15.5.13
226 silly placeDep ROOT @next/swc-linux-x64-gnu@15.5.13 OK for: next@15.5.13 want: 15.5.13
227 silly placeDep ROOT @next/swc-linux-x64-musl@15.5.13 OK for: next@15.5.13 want: 15.5.13
228 silly placeDep ROOT @next/swc-win32-arm64-msvc@15.5.13 OK for: next@15.5.13 want: 15.5.13
229 silly placeDep ROOT @next/swc-win32-x64-msvc@15.5.13 OK for: next@15.5.13 want: 15.5.13
230 silly placeDep node_modules/@typescript-eslint/typescript-estree brace-expansion@5.0.4 OK for: minimatch@10.2.4 want: ^5.0.2
231 silly fetch manifest balanced-match@^4.0.2
232 silly packumentCache full:https://registry.npmjs.org/balanced-match cache-miss
233 http cache https://registry.npmjs.org/balanced-match 1ms (cache hit)
234 silly packumentCache full:https://registry.npmjs.org/balanced-match set size:39082 disposed:false
235 silly placeDep node_modules/@typescript-eslint/typescript-estree balanced-match@4.0.4 OK for: brace-expansion@5.0.4 want: ^4.0.2
236 silly reify mark retired [ '/Users/pb09/ux-portfolio/node_modules/@babel/code-frame' ]
237 silly reify mark retired [ '/Users/pb09/ux-portfolio/node_modules/@babel/compat-data' ]
238 silly reify mark retired [ '/Users/pb09/ux-portfolio/node_modules/@babel/core' ]
239 silly reify mark retired [ '/Users/pb09/ux-portfolio/node_modules/@babel/generator' ]
240 silly reify mark retired [
240 silly reify   '/Users/pb09/ux-portfolio/node_modules/@babel/helper-compilation-targets'
240 silly reify ]
241 silly reify mark retired [ '/Users/pb09/ux-portfolio/node_modules/@babel/helper-globals' ]
242 silly reify mark retired [
242 silly reify   '/Users/pb09/ux-portfolio/node_modules/@babel/helper-module-imports'
242 silly reify ]
243 silly reify mark retired [
243 silly reify   '/Users/pb09/ux-portfolio/node_modules/@babel/helper-module-transforms'
243 silly reify ]
244 silly reify mark retired [ '/Users/pb09/ux-portfolio/node_modules/@babel/helper-string-parser' ]
245 silly reify mark retired [
245 silly reify   '/Users/pb09/ux-portfolio/node_modules/@babel/helper-validator-identifier'
245 silly reify ]
246 silly reify mark retired [
246 silly reify   '/Users/pb09/ux-portfolio/node_modules/@babel/helper-validator-option'
246 silly reify ]
247 silly reify mark retired [ '/Users/pb09/ux-portfolio/node_modules/@babel/helpers' ]
248 silly reify mark retired [
248 silly reify   '/Users/pb09/ux-portfolio/node_modules/@babel/parser',
248 silly reify   '/Users/pb09/ux-portfolio/node_modules/.bin/parser'
248 silly reify ]
249 silly reify mark retired [ '/Users/pb09/ux-portfolio/node_modules/@babel/template' ]
250 silly reify mark retired [ '/Users/pb09/ux-portfolio/node_modules/@babel/traverse' ]
251 silly reify mark retired [ '/Users/pb09/ux-portfolio/node_modules/@babel/types' ]
252 silly reify mark retired [ '/Users/pb09/ux-portfolio/node_modules/@jridgewell/remapping' ]
253 silly reify mark retired [ '/Users/pb09/ux-portfolio/node_modules/@next/env' ]
254 silly reify mark retired [ '/Users/pb09/ux-portfolio/node_modules/@next/eslint-plugin-next' ]
255 silly reify mark retired [ '/Users/pb09/ux-portfolio/node_modules/@next/swc-darwin-arm64' ]
256 silly reify mark retired [ '/Users/pb09/ux-portfolio/node_modules/convert-source-map' ]
257 silly reify mark retired [ '/Users/pb09/ux-portfolio/node_modules/eslint-config-next' ]
258 silly reify mark retired [ '/Users/pb09/ux-portfolio/node_modules/eslint-plugin-react-hooks' ]
259 silly reify mark retired [ '/Users/pb09/ux-portfolio/node_modules/gensync' ]
260 silly reify mark retired [ '/Users/pb09/ux-portfolio/node_modules/globals' ]
261 silly reify mark retired [ '/Users/pb09/ux-portfolio/node_modules/hermes-estree' ]
262 silly reify mark retired [ '/Users/pb09/ux-portfolio/node_modules/hermes-parser' ]
263 silly reify mark retired [
263 silly reify   '/Users/pb09/ux-portfolio/node_modules/jsesc',
263 silly reify   '/Users/pb09/ux-portfolio/node_modules/.bin/jsesc'
263 silly reify ]
264 silly reify mark retired [
264 silly reify   '/Users/pb09/ux-portfolio/node_modules/json5',
264 silly reify   '/Users/pb09/ux-portfolio/node_modules/.bin/json5'
264 silly reify ]
265 silly reify mark retired [ '/Users/pb09/ux-portfolio/node_modules/lru-cache' ]
266 silly reify mark retired [
266 silly reify   '/Users/pb09/ux-portfolio/node_modules/next',
266 silly reify   '/Users/pb09/ux-portfolio/node_modules/.bin/next'
266 silly reify ]
267 silly reify mark retired [ '/Users/pb09/ux-portfolio/node_modules/typescript-eslint' ]
268 silly reify mark retired [ '/Users/pb09/ux-portfolio/node_modules/yallist' ]
269 silly reify mark retired [ '/Users/pb09/ux-portfolio/node_modules/zod' ]
270 silly reify mark retired [ '/Users/pb09/ux-portfolio/node_modules/zod-validation-error' ]
271 silly reify moves {
271 silly reify   '/Users/pb09/ux-portfolio/node_modules/@babel/code-frame': '/Users/pb09/ux-portfolio/node_modules/@babel/.code-frame-PDvmiX8q',
271 silly reify   '/Users/pb09/ux-portfolio/node_modules/@babel/compat-data': '/Users/pb09/ux-portfolio/node_modules/@babel/.compat-data-gkgXxSSF',
271 silly reify   '/Users/pb09/ux-portfolio/node_modules/@babel/core': '/Users/pb09/ux-portfolio/node_modules/@babel/.core-o7fd7WZL',
271 silly reify   '/Users/pb09/ux-portfolio/node_modules/@babel/generator': '/Users/pb09/ux-portfolio/node_modules/@babel/.generator-y2PvP7Ew',
271 silly reify   '/Users/pb09/ux-portfolio/node_modules/@babel/helper-compilation-targets': '/Users/pb09/ux-portfolio/node_modules/@babel/.helper-compilation-targets-2uanT6Fu',
271 silly reify   '/Users/pb09/ux-portfolio/node_modules/@babel/helper-globals': '/Users/pb09/ux-portfolio/node_modules/@babel/.helper-globals-6PdzuVzL',
271 silly reify   '/Users/pb09/ux-portfolio/node_modules/@babel/helper-module-imports': '/Users/pb09/ux-portfolio/node_modules/@babel/.helper-module-imports-mi4Bc1mr',
271 silly reify   '/Users/pb09/ux-portfolio/node_modules/@babel/helper-module-transforms': '/Users/pb09/ux-portfolio/node_modules/@babel/.helper-module-transforms-nIscuvOf',
271 silly reify   '/Users/pb09/ux-portfolio/node_modules/@babel/helper-string-parser': '/Users/pb09/ux-portfolio/node_modules/@babel/.helper-string-parser-DyUEnciY',
271 silly reify   '/Users/pb09/ux-portfolio/node_modules/@babel/helper-validator-identifier': '/Users/pb09/ux-portfolio/node_modules/@babel/.helper-validator-identifier-5VaW7FdJ',
271 silly reify   '/Users/pb09/ux-portfolio/node_modules/@babel/helper-validator-option': '/Users/pb09/ux-portfolio/node_modules/@babel/.helper-validator-option-jo9uqqnx',
271 silly reify   '/Users/pb09/ux-portfolio/node_modules/@babel/helpers': '/Users/pb09/ux-portfolio/node_modules/@babel/.helpers-FchedXsx',
271 silly reify   '/Users/pb09/ux-portfolio/node_modules/@babel/parser': '/Users/pb09/ux-portfolio/node_modules/@babel/.parser-F6FhyYYM',
271 silly reify   '/Users/pb09/ux-portfolio/node_modules/.bin/parser': '/Users/pb09/ux-portfolio/node_modules/.bin/.parser-bY6HxRnd',
271 silly reify   '/Users/pb09/ux-portfolio/node_modules/@babel/template': '/Users/pb09/ux-portfolio/node_modules/@babel/.template-s9WeOBYd',
271 silly reify   '/Users/pb09/ux-portfolio/node_modules/@babel/traverse': '/Users/pb09/ux-portfolio/node_modules/@babel/.traverse-06JrH8AO',
271 silly reify   '/Users/pb09/ux-portfolio/node_modules/@babel/types': '/Users/pb09/ux-portfolio/node_modules/@babel/.types-KAsBGTm7',
271 silly reify   '/Users/pb09/ux-portfolio/node_modules/@jridgewell/remapping': '/Users/pb09/ux-portfolio/node_modules/@jridgewell/.remapping-IYDgzIlZ',
271 silly reify   '/Users/pb09/ux-portfolio/node_modules/@next/env': '/Users/pb09/ux-portfolio/node_modules/@next/.env-GF9gnrHW',
271 silly reify   '/Users/pb09/ux-portfolio/node_modules/@next/eslint-plugin-next': '/Users/pb09/ux-portfolio/node_modules/@next/.eslint-plugin-next-OeJt3lRE',
271 silly reify   '/Users/pb09/ux-portfolio/node_modules/@next/swc-darwin-arm64': '/Users/pb09/ux-portfolio/node_modules/@next/.swc-darwin-arm64-uNda36yb',
271 silly reify   '/Users/pb09/ux-portfolio/node_modules/convert-source-map': '/Users/pb09/ux-portfolio/node_modules/.convert-source-map-HXrm3GNT',
271 silly reify   '/Users/pb09/ux-portfolio/node_modules/eslint-config-next': '/Users/pb09/ux-portfolio/node_modules/.eslint-config-next-7ZhLFD1D',
271 silly reify   '/Users/pb09/ux-portfolio/node_modules/eslint-plugin-react-hooks': '/Users/pb09/ux-portfolio/node_modules/.eslint-plugin-react-hooks-5Yon6sIf',
271 silly reify   '/Users/pb09/ux-portfolio/node_modules/gensync': '/Users/pb09/ux-portfolio/node_modules/.gensync-vl6CkO35',
271 silly reify   '/Users/pb09/ux-portfolio/node_modules/globals': '/Users/pb09/ux-portfolio/node_modules/.globals-wr099quB',
271 silly reify   '/Users/pb09/ux-portfolio/node_modules/hermes-estree': '/Users/pb09/ux-portfolio/node_modules/.hermes-estree-Gr1yP1UT',
271 silly reify   '/Users/pb09/ux-portfolio/node_modules/hermes-parser': '/Users/pb09/ux-portfolio/node_modules/.hermes-parser-CKz1j4UX',
271 silly reify   '/Users/pb09/ux-portfolio/node_modules/jsesc': '/Users/pb09/ux-portfolio/node_modules/.jsesc-KKdWgVhS',
271 silly reify   '/Users/pb09/ux-portfolio/node_modules/.bin/jsesc': '/Users/pb09/ux-portfolio/node_modules/.bin/.jsesc-QbGLXQbV',
271 silly reify   '/Users/pb09/ux-portfolio/node_modules/json5': '/Users/pb09/ux-portfolio/node_modules/.json5-hWY1fRU7',
271 silly reify   '/Users/pb09/ux-portfolio/node_modules/.bin/json5': '/Users/pb09/ux-portfolio/node_modules/.bin/.json5-FlCmb2v6',
271 silly reify   '/Users/pb09/ux-portfolio/node_modules/lru-cache': '/Users/pb09/ux-portfolio/node_modules/.lru-cache-iuUswcVV',
271 silly reify   '/Users/pb09/ux-portfolio/node_modules/next': '/Users/pb09/ux-portfolio/node_modules/.next-CxAdnrey',
271 silly reify   '/Users/pb09/ux-portfolio/node_modules/.bin/next': '/Users/pb09/ux-portfolio/node_modules/.bin/.next-Zd5zIRAp',
271 silly reify   '/Users/pb09/ux-portfolio/node_modules/typescript-eslint': '/Users/pb09/ux-portfolio/node_modules/.typescript-eslint-KDzFL2WB',
271 silly reify   '/Users/pb09/ux-portfolio/node_modules/yallist': '/Users/pb09/ux-portfolio/node_modules/.yallist-MCOQBe0h',
271 silly reify   '/Users/pb09/ux-portfolio/node_modules/zod': '/Users/pb09/ux-portfolio/node_modules/.zod-yg0LoV8o',
271 silly reify   '/Users/pb09/ux-portfolio/node_modules/zod-validation-error': '/Users/pb09/ux-portfolio/node_modules/.zod-validation-error-XOjSTKX8'
271 silly reify }
272 silly audit bulk request {
272 silly audit   '@alloc/quick-lru': [ '5.2.0' ],
272 silly audit   semver: [ '6.3.1', '7.7.4' ],
272 silly audit   '@emnapi/core': [ '1.9.0' ],
272 silly audit   '@emnapi/runtime': [ '1.9.0' ],
272 silly audit   '@emnapi/wasi-threads': [ '1.2.0' ],
272 silly audit   '@eslint-community/eslint-utils': [ '4.9.1' ],
272 silly audit   'eslint-visitor-keys': [ '3.4.3', '4.2.1', '5.0.1' ],
272 silly audit   '@eslint-community/regexpp': [ '4.12.2' ],
272 silly audit   '@eslint/config-array': [ '0.21.2' ],
272 silly audit   '@eslint/config-helpers': [ '0.4.2' ],
272 silly audit   '@eslint/core': [ '0.17.0' ],
272 silly audit   '@eslint/eslintrc': [ '3.3.5' ],
272 silly audit   globals: [ '14.0.0' ],
272 silly audit   '@eslint/js': [ '9.39.4' ],
272 silly audit   '@eslint/object-schema': [ '2.1.7' ],
272 silly audit   '@eslint/plugin-kit': [ '0.4.1' ],
272 silly audit   '@humanfs/core': [ '0.19.1' ],
272 silly audit   '@humanfs/node': [ '0.16.7' ],
272 silly audit   '@humanwhocodes/module-importer': [ '1.0.1' ],
272 silly audit   '@humanwhocodes/retry': [ '0.4.3' ],
272 silly audit   '@img/colour': [ '1.1.0' ],
272 silly audit   '@img/sharp-darwin-arm64': [ '0.34.5' ],
272 silly audit   '@img/sharp-darwin-x64': [ '0.34.5' ],
272 silly audit   '@img/sharp-libvips-darwin-arm64': [ '1.2.4' ],
272 silly audit   '@img/sharp-libvips-darwin-x64': [ '1.2.4' ],
272 silly audit   '@img/sharp-libvips-linux-arm': [ '1.2.4' ],
272 silly audit   '@img/sharp-libvips-linux-arm64': [ '1.2.4' ],
272 silly audit   '@img/sharp-libvips-linux-ppc64': [ '1.2.4' ],
272 silly audit   '@img/sharp-libvips-linux-riscv64': [ '1.2.4' ],
272 silly audit   '@img/sharp-libvips-linux-s390x': [ '1.2.4' ],
272 silly audit   '@img/sharp-libvips-linux-x64': [ '1.2.4' ],
272 silly audit   '@img/sharp-libvips-linuxmusl-arm64': [ '1.2.4' ],
272 silly audit   '@img/sharp-libvips-linuxmusl-x64': [ '1.2.4' ],
272 silly audit   '@img/sharp-linux-arm': [ '0.34.5' ],
272 silly audit   '@img/sharp-linux-arm64': [ '0.34.5' ],
272 silly audit   '@img/sharp-linux-ppc64': [ '0.34.5' ],
272 silly audit   '@img/sharp-linux-riscv64': [ '0.34.5' ],
272 silly audit   '@img/sharp-linux-s390x': [ '0.34.5' ],
272 silly audit   '@img/sharp-linux-x64': [ '0.34.5' ],
272 silly audit   '@img/sharp-linuxmusl-arm64': [ '0.34.5' ],
272 silly audit   '@img/sharp-linuxmusl-x64': [ '0.34.5' ],
272 silly audit   '@img/sharp-wasm32': [ '0.34.5' ],
272 silly audit   '@img/sharp-win32-arm64': [ '0.34.5' ],
272 silly audit   '@img/sharp-win32-ia32': [ '0.34.5' ],
272 silly audit   '@img/sharp-win32-x64': [ '0.34.5' ],
272 silly audit   '@jridgewell/gen-mapping': [ '0.3.13' ],
272 silly audit   '@jridgewell/resolve-uri': [ '3.1.2' ],
272 silly audit   '@jridgewell/sourcemap-codec': [ '1.5.5' ],
272 silly audit   '@jridgewell/trace-mapping': [ '0.3.31' ],
272 silly audit   '@napi-rs/wasm-runtime': [ '0.2.12' ],
272 silly audit   '@nodelib/fs.scandir': [ '2.1.5' ],
272 silly audit   '@nodelib/fs.stat': [ '2.0.5' ],
272 silly audit   '@nodelib/fs.walk': [ '1.2.8' ],
272 silly audit   '@nolyfill/is-core-module': [ '1.0.39' ],
272 silly audit   '@rtsao/scc': [ '1.1.0' ],
272 silly audit   '@swc/helpers': [ '0.5.15' ],
272 silly audit   '@tybys/wasm-util': [ '0.10.1' ],
272 silly audit   '@types/estree': [ '1.0.8' ],
272 silly audit   '@types/json-schema': [ '7.0.15' ],
272 silly audit   '@types/json5': [ '0.0.29' ],
272 silly audit   '@types/node': [ '25.5.0' ],
272 silly audit   '@types/react': [ '19.2.14' ],
272 silly audit   '@types/react-dom': [ '19.2.3' ],
272 silly audit   ignore: [ '5.3.2', '7.0.5' ],
272 silly audit   'balanced-match': [ '1.0.2', '4.0.4' ],
272 silly audit   'brace-expansion': [ '1.1.12', '5.0.4' ],
272 silly audit   minimatch: [ '3.1.5', '10.2.4' ],
272 silly audit   '@unrs/resolver-binding-android-arm-eabi': [ '1.11.1' ],
272 silly audit   '@unrs/resolver-binding-android-arm64': [ '1.11.1' ],
272 silly audit   '@unrs/resolver-binding-darwin-arm64': [ '1.11.1' ],
272 silly audit   '@unrs/resolver-binding-darwin-x64': [ '1.11.1' ],
272 silly audit   '@unrs/resolver-binding-freebsd-x64': [ '1.11.1' ],
272 silly audit   '@unrs/resolver-binding-linux-arm-gnueabihf': [ '1.11.1' ],
272 silly audit   '@unrs/resolver-binding-linux-arm-musleabihf': [ '1.11.1' ],
272 silly audit   '@unrs/resolver-binding-linux-arm64-gnu': [ '1.11.1' ],
272 silly audit   '@unrs/resolver-binding-linux-arm64-musl': [ '1.11.1' ],
272 silly audit   '@unrs/resolver-binding-linux-ppc64-gnu': [ '1.11.1' ],
272 silly audit   '@unrs/resolver-binding-linux-riscv64-gnu': [ '1.11.1' ],
272 silly audit   '@unrs/resolver-binding-linux-riscv64-musl': [ '1.11.1' ],
272 silly audit   '@unrs/resolver-binding-linux-s390x-gnu': [ '1.11.1' ],
272 silly audit   '@unrs/resolver-binding-linux-x64-gnu': [ '1.11.1' ],
272 silly audit   '@unrs/resolver-binding-linux-x64-musl': [ '1.11.1' ],
272 silly audit   '@unrs/resolver-binding-wasm32-wasi': [ '1.11.1' ],
272 silly audit   '@unrs/resolver-binding-win32-arm64-msvc': [ '1.11.1' ],
272 silly audit   '@unrs/resolver-binding-win32-ia32-msvc': [ '1.11.1' ],
272 silly audit   '@unrs/resolver-binding-win32-x64-msvc': [ '1.11.1' ],
272 silly audit   acorn: [ '8.16.0' ],
272 silly audit   'acorn-jsx': [ '5.3.2' ],
272 silly audit   ajv: [ '6.14.0' ],
272 silly audit   'ansi-styles': [ '4.3.0' ],
272 silly audit   'any-promise': [ '1.3.0' ],
272 silly audit   anymatch: [ '3.1.3' ],
272 silly audit   arg: [ '5.0.2' ],
272 silly audit   argparse: [ '2.0.1' ],
272 silly audit   'aria-query': [ '5.3.2' ],
272 silly audit   'array-buffer-byte-length': [ '1.0.2' ],
272 silly audit   'array-includes': [ '3.1.9' ],
272 silly audit   'array.prototype.findlast': [ '1.2.5' ],
272 silly audit   'array.prototype.findlastindex': [ '1.2.6' ],
272 silly audit   'array.prototype.flat': [ '1.3.3' ],
272 silly audit   'array.prototype.flatmap': [ '1.3.3' ],
272 silly audit   'array.prototype.tosorted': [ '1.1.4' ],
272 silly audit   'arraybuffer.prototype.slice': [ '1.0.4' ],
272 silly audit   'ast-types-flow': [ '0.0.8' ],
272 silly audit   'async-function': [ '1.0.0' ],
272 silly audit   autoprefixer: [ '10.4.27' ],
272 silly audit   'available-typed-arrays': [ '1.0.7' ],
272 silly audit   'axe-core': [ '4.11.1' ],
272 silly audit   'axobject-query': [ '4.1.0' ],
272 silly audit   'baseline-browser-mapping': [ '2.10.8' ],
272 silly audit   'binary-extensions': [ '2.3.0' ],
272 silly audit   braces: [ '3.0.3' ],
272 silly audit   browserslist: [ '4.28.1' ],
272 silly audit   'call-bind': [ '1.0.8' ],
272 silly audit   'call-bind-apply-helpers': [ '1.0.2' ],
272 silly audit   'call-bound': [ '1.0.4' ],
272 silly audit   callsites: [ '3.1.0' ],
272 silly audit   'camelcase-css': [ '2.0.1' ],
272 silly audit   'caniuse-lite': [ '1.0.30001780' ],
272 silly audit   chalk: [ '4.1.2' ],
272 silly audit   chokidar: [ '3.6.0' ],
272 silly audit   'glob-parent': [ '5.1.2', '6.0.2' ],
272 silly audit   'client-only': [ '0.0.1' ],
272 silly audit   'color-convert': [ '2.0.1' ],
272 silly audit   'color-name': [ '1.1.4' ],
272 silly audit   commander: [ '4.1.1' ],
272 silly audit   'concat-map': [ '0.0.1' ],
272 silly audit   'cross-spawn': [ '7.0.6' ],
272 silly audit   cssesc: [ '3.0.0' ],
272 silly audit   csstype: [ '3.2.3' ],
272 silly audit   'damerau-levenshtein': [ '1.0.8' ],
272 silly audit   'data-view-buffer': [ '1.0.2' ],
272 silly audit   'data-view-byte-length': [ '1.0.2' ],
272 silly audit   'data-view-byte-offset': [ '1.0.1' ],
272 silly audit   debug: [ '4.4.3', '3.2.7' ],
272 silly audit   'deep-is': [ '0.1.4' ],
272 silly audit   'define-data-property': [ '1.1.4' ],
272 silly audit   'define-properties': [ '1.2.1' ],
272 silly audit   'detect-libc': [ '2.1.2' ],
272 silly audit   didyoumean: [ '1.2.2' ],
272 silly audit   dlv: [ '1.1.3' ],
272 silly audit   doctrine: [ '2.1.0' ],
272 silly audit   'dunder-proto': [ '1.0.1' ],
272 silly audit   'electron-to-chromium': [ '1.5.313' ],
272 silly audit   'emoji-regex': [ '9.2.2' ],
272 silly audit   'es-abstract': [ '1.24.1' ],
272 silly audit   'es-define-property': [ '1.0.1' ],
272 silly audit   'es-errors': [ '1.3.0' ],
272 silly audit   'es-iterator-helpers': [ '1.3.1' ],
272 silly audit   'es-object-atoms': [ '1.1.1' ],
272 silly audit   'es-set-tostringtag': [ '2.1.0' ],
272 silly audit   'es-shim-unscopables': [ '1.1.0' ],
272 silly audit   'es-to-primitive': [ '1.3.0' ],
272 silly audit   escalade: [ '3.2.0' ],
272 silly audit   'escape-string-regexp': [ '4.0.0' ],
272 silly audit   eslint: [ '9.39.4' ],
272 silly audit   'eslint-import-resolver-node': [ '0.3.9' ],
272 silly audit   'eslint-import-resolver-typescript': [ '3.10.1' ],
272 silly audit   'eslint-module-utils': [ '2.12.1' ],
272 silly audit   'eslint-plugin-import': [ '2.32.0' ],
272 silly audit   'eslint-plugin-jsx-a11y': [ '6.10.2' ],
272 silly audit   'eslint-plugin-react': [ '7.37.5' ],
272 silly audit   resolve: [ '2.0.0-next.6', '1.22.11' ],
272 silly audit   'eslint-scope': [ '8.4.0' ],
272 silly audit   espree: [ '10.4.0' ],
272 silly audit   esquery: [ '1.7.0' ],
272 silly audit   esrecurse: [ '4.3.0' ],
272 silly audit   estraverse: [ '5.3.0' ],
272 silly audit   esutils: [ '2.0.3' ],
272 silly audit   'fast-deep-equal': [ '3.1.3' ],
272 silly audit   'fast-glob': [ '3.3.3', '3.3.1' ],
272 silly audit   'fast-json-stable-stringify': [ '2.1.0' ],
272 silly audit   'fast-levenshtein': [ '2.0.6' ],
272 silly audit   fastq: [ '1.20.1' ],
272 silly audit   'file-entry-cache': [ '8.0.0' ],
272 silly audit   'fill-range': [ '7.1.1' ],
272 silly audit   'find-up': [ '5.0.0' ],
272 silly audit   'flat-cache': [ '4.0.1' ],
272 silly audit   flatted: [ '3.4.1' ],
272 silly audit   'for-each': [ '0.3.5' ],
272 silly audit   'fraction.js': [ '5.3.4' ],
272 silly audit   fsevents: [ '2.3.3' ],
272 silly audit   'function-bind': [ '1.1.2' ],
272 silly audit   'function.prototype.name': [ '1.1.8' ],
272 silly audit   'functions-have-names': [ '1.2.3' ],
272 silly audit   'generator-function': [ '2.0.1' ],
272 silly audit   'get-intrinsic': [ '1.3.0' ],
272 silly audit   'get-proto': [ '1.0.1' ],
272 silly audit   'get-symbol-description': [ '1.1.0' ],
272 silly audit   'get-tsconfig': [ '4.13.6' ],
272 silly audit   globalthis: [ '1.0.4' ],
272 silly audit   gopd: [ '1.2.0' ],
272 silly audit   'has-bigints': [ '1.1.0' ],
272 silly audit   'has-flag': [ '4.0.0' ],
272 silly audit   'has-property-descriptors': [ '1.0.2' ],
272 silly audit   'has-proto': [ '1.2.0' ],
272 silly audit   'has-symbols': [ '1.1.0' ],
272 silly audit   'has-tostringtag': [ '1.0.2' ],
272 silly audit   hasown: [ '2.0.2' ],
272 silly audit   'import-fresh': [ '3.3.1' ],
272 silly audit   imurmurhash: [ '0.1.4' ],
272 silly audit   'internal-slot': [ '1.1.0' ],
272 silly audit   'is-array-buffer': [ '3.0.5' ],
272 silly audit   'is-async-function': [ '2.1.1' ],
272 silly audit   'is-bigint': [ '1.1.0' ],
272 silly audit   'is-binary-path': [ '2.1.0' ],
272 silly audit   'is-boolean-object': [ '1.2.2' ],
272 silly audit   'is-bun-module': [ '2.0.0' ],
272 silly audit   'is-callable': [ '1.2.7' ],
272 silly audit   'is-core-module': [ '2.16.1' ],
272 silly audit   'is-data-view': [ '1.0.2' ],
272 silly audit   'is-date-object': [ '1.1.0' ],
272 silly audit   'is-extglob': [ '2.1.1' ],
272 silly audit   'is-finalizationregistry': [ '1.1.1' ],
272 silly audit   'is-generator-function': [ '1.1.2' ],
272 silly audit   'is-glob': [ '4.0.3' ],
272 silly audit   'is-map': [ '2.0.3' ],
272 silly audit   'is-negative-zero': [ '2.0.3' ],
272 silly audit   'is-number': [ '7.0.0' ],
272 silly audit   'is-number-object': [ '1.1.1' ],
272 silly audit   'is-regex': [ '1.2.1' ],
272 silly audit   'is-set': [ '2.0.3' ],
272 silly audit   'is-shared-array-buffer': [ '1.0.4' ],
272 silly audit   'is-string': [ '1.1.1' ],
272 silly audit   'is-symbol': [ '1.1.1' ],
272 silly audit   'is-typed-array': [ '1.1.15' ],
272 silly audit   'is-weakmap': [ '2.0.2' ],
272 silly audit   'is-weakref': [ '1.1.1' ],
272 silly audit   'is-weakset': [ '2.0.4' ],
272 silly audit   isarray: [ '2.0.5' ],
272 silly audit   isexe: [ '2.0.0' ],
272 silly audit   'iterator.prototype': [ '1.1.5' ],
272 silly audit   jiti: [ '1.21.7' ],
272 silly audit   'js-tokens': [ '4.0.0' ],
272 silly audit   'js-yaml': [ '4.1.1' ],
272 silly audit   'json-buffer': [ '3.0.1' ],
272 silly audit   'json-schema-traverse': [ '0.4.1' ],
272 silly audit   'json-stable-stringify-without-jsonify': [ '1.0.1' ],
272 silly audit   json5: [ '1.0.2' ],
272 silly audit   'jsx-ast-utils': [ '3.3.5' ],
272 silly audit   keyv: [ '4.5.4' ],
272 silly audit   'language-subtag-registry': [ '0.3.23' ],
272 silly audit   'language-tags': [ '1.0.9' ],
272 silly audit   levn: [ '0.4.1' ],
272 silly audit   lilconfig: [ '3.1.3' ],
272 silly audit   'lines-and-columns': [ '1.2.4' ],
272 silly audit   'locate-path': [ '6.0.0' ],
272 silly audit   'lodash.merge': [ '4.6.2' ],
272 silly audit   'loose-envify': [ '1.4.0' ],
272 silly audit   'math-intrinsics': [ '1.1.0' ],
272 silly audit   merge2: [ '1.4.1' ],
272 silly audit   micromatch: [ '4.0.8' ],
272 silly audit   minimist: [ '1.2.8' ],
272 silly audit   ms: [ '2.1.3' ],
272 silly audit   mz: [ '2.7.0' ],
272 silly audit   nanoid: [ '3.3.11' ],
272 silly audit   'napi-postinstall': [ '0.3.4' ],
272 silly audit   'natural-compare': [ '1.4.0' ],
272 silly audit   postcss: [ '8.5.8', '8.4.31' ],
272 silly audit   'node-exports-info': [ '1.6.0' ],
272 silly audit   'node-releases': [ '2.0.36' ],
272 silly audit   'normalize-path': [ '3.0.0' ],
272 silly audit   'object-assign': [ '4.1.1' ],
272 silly audit   'object-hash': [ '3.0.0' ],
272 silly audit   'object-inspect': [ '1.13.4' ],
272 silly audit   'object-keys': [ '1.1.1' ],
272 silly audit   'object.assign': [ '4.1.7' ],
272 silly audit   'object.entries': [ '1.1.9' ],
272 silly audit   'object.fromentries': [ '2.0.8' ],
272 silly audit   'object.groupby': [ '1.0.3' ],
272 silly audit   'object.values': [ '1.2.1' ],
272 silly audit   optionator: [ '0.9.4' ],
272 silly audit   'own-keys': [ '1.0.1' ],
272 silly audit   'p-limit': [ '3.1.0' ],
272 silly audit   'p-locate': [ '5.0.0' ],
272 silly audit   'parent-module': [ '1.0.1' ],
272 silly audit   'path-exists': [ '4.0.0' ],
272 silly audit   'path-key': [ '3.1.1' ],
272 silly audit   'path-parse': [ '1.0.7' ],
272 silly audit   picocolors: [ '1.1.1' ],
272 silly audit   picomatch: [ '2.3.1', '4.0.3' ],
272 silly audit   pify: [ '2.3.0' ],
272 silly audit   pirates: [ '4.0.7' ],
272 silly audit   'possible-typed-array-names': [ '1.1.0' ],
272 silly audit   'postcss-import': [ '15.1.0' ],
272 silly audit   'postcss-js': [ '4.1.0' ],
272 silly audit   'postcss-nested': [ '6.2.0' ],
272 silly audit   'postcss-selector-parser': [ '6.1.2' ],
272 silly audit   'postcss-value-parser': [ '4.2.0' ],
272 silly audit   'prelude-ls': [ '1.2.1' ],
272 silly audit   'prop-types': [ '15.8.1' ],
272 silly audit   punycode: [ '2.3.1' ],
272 silly audit   'queue-microtask': [ '1.2.3' ],
272 silly audit   react: [ '19.2.4' ],
272 silly audit   'react-dom': [ '19.2.4' ],
272 silly audit   'react-is': [ '16.13.1' ],
272 silly audit   'read-cache': [ '1.0.0' ],
272 silly audit   readdirp: [ '3.6.0' ],
272 silly audit   'reflect.getprototypeof': [ '1.0.10' ],
272 silly audit   'regexp.prototype.flags': [ '1.5.4' ],
272 silly audit   'resolve-from': [ '4.0.0' ],
272 silly audit   'resolve-pkg-maps': [ '1.0.0' ],
272 silly audit   reusify: [ '1.1.0' ],
272 silly audit   'run-parallel': [ '1.2.0' ],
272 silly audit   'safe-array-concat': [ '1.1.3' ],
272 silly audit   'safe-push-apply': [ '1.0.0' ],
272 silly audit   'safe-regex-test': [ '1.1.0' ],
272 silly audit   scheduler: [ '0.27.0' ],
272 silly audit   'set-function-length': [ '1.2.2' ],
272 silly audit   'set-function-name': [ '2.0.2' ],
272 silly audit   'set-proto': [ '1.0.0' ],
272 silly audit   sharp: [ '0.34.5' ],
272 silly audit   'shebang-command': [ '2.0.0' ],
272 silly audit   'shebang-regex': [ '3.0.0' ],
272 silly audit   'side-channel': [ '1.1.0' ],
272 silly audit   'side-channel-list': [ '1.0.0' ],
272 silly audit   'side-channel-map': [ '1.0.1' ],
272 silly audit   'side-channel-weakmap': [ '1.0.2' ],
272 silly audit   'source-map-js': [ '1.2.1' ],
272 silly audit   'stable-hash': [ '0.0.5' ],
272 silly audit   'stop-iteration-iterator': [ '1.1.0' ],
272 silly audit   'string.prototype.includes': [ '2.0.1' ],
272 silly audit   'string.prototype.matchall': [ '4.0.12' ],
272 silly audit   'string.prototype.repeat': [ '1.0.0' ],
272 silly audit   'string.prototype.trim': [ '1.2.10' ],
272 silly audit   'string.prototype.trimend': [ '1.0.9' ],
272 silly audit   'string.prototype.trimstart': [ '1.0.8' ],
272 silly audit   'strip-bom': [ '3.0.0' ],
272 silly audit   'strip-json-comments': [ '3.1.1' ],
272 silly audit   'styled-jsx': [ '5.1.6' ],
272 silly audit   sucrase: [ '3.35.1' ],
272 silly audit   'supports-color': [ '7.2.0' ],
272 silly audit   'supports-preserve-symlinks-flag': [ '1.0.0' ],
272 silly audit   tailwindcss: [ '3.4.17' ],
272 silly audit   'postcss-load-config': [ '4.0.2' ],
272 silly audit   thenify: [ '3.3.1' ],
272 silly audit   'thenify-all': [ '1.6.0' ],
272 silly audit   tinyglobby: [ '0.2.15' ],
272 silly audit   fdir: [ '6.5.0' ],
272 silly audit   'to-regex-range': [ '5.0.1' ],
272 silly audit   'ts-interface-checker': [ '0.1.13' ],
272 silly audit   'tsconfig-paths': [ '3.15.0' ],
272 silly audit   tslib: [ '2.8.1' ],
272 silly audit   'type-check': [ '0.4.0' ],
272 silly audit   'typed-array-buffer': [ '1.0.3' ],
272 silly audit   'typed-array-byte-length': [ '1.0.3' ],
272 silly audit   'typed-array-byte-offset': [ '1.0.4' ],
272 silly audit   'typed-array-length': [ '1.0.7' ],
272 silly audit   typescript: [ '5.9.3' ],
272 silly audit   'unbox-primitive': [ '1.1.0' ],
272 silly audit   'undici-types': [ '7.18.2' ],
272 silly audit   'unrs-resolver': [ '1.11.1' ],
272 silly audit   'update-browserslist-db': [ '1.2.3' ],
272 silly audit   'uri-js': [ '4.4.1' ],
272 silly audit   'util-deprecate': [ '1.0.2' ],
272 silly audit   which: [ '2.0.2' ],
272 silly audit   'which-boxed-primitive': [ '1.1.1' ],
272 silly audit   'which-builtin-type': [ '1.2.1' ],
272 silly audit   'which-collection': [ '1.0.2' ],
272 silly audit   'which-typed-array': [ '1.1.20' ],
272 silly audit   'word-wrap': [ '1.2.5' ],
272 silly audit   yaml: [ '2.8.2' ],
272 silly audit   'yocto-queue': [ '0.1.0' ],
272 silly audit   'eslint-config-next': [ '15.5.13' ],
272 silly audit   next: [ '15.5.13' ],
272 silly audit   '@next/eslint-plugin-next': [ '15.5.13' ],
272 silly audit   '@rushstack/eslint-patch': [ '1.16.1' ],
272 silly audit   '@typescript-eslint/eslint-plugin': [ '8.57.1' ],
272 silly audit   '@typescript-eslint/parser': [ '8.57.1' ],
272 silly audit   'eslint-plugin-react-hooks': [ '5.2.0' ],
272 silly audit   '@typescript-eslint/scope-manager': [ '8.57.1' ],
272 silly audit   '@typescript-eslint/type-utils': [ '8.57.1' ],
272 silly audit   '@typescript-eslint/utils': [ '8.57.1' ],
272 silly audit   '@typescript-eslint/visitor-keys': [ '8.57.1' ],
272 silly audit   'ts-api-utils': [ '2.4.0' ],
272 silly audit   '@typescript-eslint/types': [ '8.57.1' ],
272 silly audit   '@typescript-eslint/typescript-estree': [ '8.57.1' ],
272 silly audit   '@typescript-eslint/project-service': [ '8.57.1' ],
272 silly audit   '@typescript-eslint/tsconfig-utils': [ '8.57.1' ],
272 silly audit   '@next/env': [ '15.5.13' ],
272 silly audit   '@next/swc-darwin-arm64': [ '15.5.13' ],
272 silly audit   '@next/swc-darwin-x64': [ '15.5.13' ],
272 silly audit   '@next/swc-linux-arm64-gnu': [ '15.5.13' ],
272 silly audit   '@next/swc-linux-arm64-musl': [ '15.5.13' ],
272 silly audit   '@next/swc-linux-x64-gnu': [ '15.5.13' ],
272 silly audit   '@next/swc-linux-x64-musl': [ '15.5.13' ],
272 silly audit   '@next/swc-win32-arm64-msvc': [ '15.5.13' ],
272 silly audit   '@next/swc-win32-x64-msvc': [ '15.5.13' ]
272 silly audit }
273 http cache @rushstack/eslint-patch@https://registry.npmjs.org/@rushstack/eslint-patch/-/eslint-patch-1.16.1.tgz 0ms (cache hit)
274 http cache next@https://registry.npmjs.org/next/-/next-15.5.13.tgz 0ms (cache hit)
275 http cache fsevents@https://registry.npmjs.org/fsevents/-/fsevents-2.3.3.tgz 0ms (cache hit)
276 http cache eslint-plugin-react-hooks@https://registry.npmjs.org/eslint-plugin-react-hooks/-/eslint-plugin-react-hooks-5.2.0.tgz 0ms (cache hit)
277 http cache eslint-config-next@https://registry.npmjs.org/eslint-config-next/-/eslint-config-next-15.5.13.tgz 0ms (cache hit)
278 http cache @next/swc-darwin-arm64@https://registry.npmjs.org/@next/swc-darwin-arm64/-/swc-darwin-arm64-15.5.13.tgz 0ms (cache hit)
279 http cache @next/env@https://registry.npmjs.org/@next/env/-/env-15.5.13.tgz 0ms (cache hit)
280 http cache @next/eslint-plugin-next@https://registry.npmjs.org/@next/eslint-plugin-next/-/eslint-plugin-next-15.5.13.tgz 0ms (cache hit)
281 silly tarball no local data for @rushstack/eslint-patch@https://registry.npmjs.org/@rushstack/eslint-patch/-/eslint-patch-1.16.1.tgz. Extracting by manifest.
282 silly tarball no local data for next@https://registry.npmjs.org/next/-/next-15.5.13.tgz. Extracting by manifest.
283 silly tarball no local data for eslint-plugin-react-hooks@https://registry.npmjs.org/eslint-plugin-react-hooks/-/eslint-plugin-react-hooks-5.2.0.tgz. Extracting by manifest.
284 silly tarball no local data for eslint-config-next@https://registry.npmjs.org/eslint-config-next/-/eslint-config-next-15.5.13.tgz. Extracting by manifest.
285 silly tarball no local data for @next/swc-darwin-arm64@https://registry.npmjs.org/@next/swc-darwin-arm64/-/swc-darwin-arm64-15.5.13.tgz. Extracting by manifest.
286 silly tarball no local data for @next/env@https://registry.npmjs.org/@next/env/-/env-15.5.13.tgz. Extracting by manifest.
287 silly tarball no local data for @next/eslint-plugin-next@https://registry.npmjs.org/@next/eslint-plugin-next/-/eslint-plugin-next-15.5.13.tgz. Extracting by manifest.
288 http fetch GET 200 https://registry.npmjs.org/@next/env/-/env-15.5.13.tgz 75ms (cache miss)
289 http fetch GET 200 https://registry.npmjs.org/eslint-config-next/-/eslint-config-next-15.5.13.tgz 88ms (cache miss)
290 http fetch GET 200 https://registry.npmjs.org/eslint-plugin-react-hooks/-/eslint-plugin-react-hooks-5.2.0.tgz 122ms (cache miss)
291 http fetch GET 200 https://registry.npmjs.org/@next/eslint-plugin-next/-/eslint-plugin-next-15.5.13.tgz 128ms (cache miss)
292 http fetch GET 200 https://registry.npmjs.org/@rushstack/eslint-patch/-/eslint-patch-1.16.1.tgz 141ms (cache miss)
293 http fetch POST 200 https://registry.npmjs.org/-/npm/v1/security/advisories/bulk 268ms
294 silly audit report {}
295 http fetch GET 200 https://registry.npmjs.org/next/-/next-15.5.13.tgz 2645ms (cache miss)
296 http fetch GET 200 https://registry.npmjs.org/@next/swc-darwin-arm64/-/swc-darwin-arm64-15.5.13.tgz 5512ms (cache miss)
297 silly ADD node_modules/@rushstack/eslint-patch
298 silly ADD node_modules/fsevents
299 silly REMOVE node_modules/zod-validation-error
300 silly REMOVE node_modules/zod
301 silly REMOVE node_modules/yallist
302 silly REMOVE node_modules/typescript-eslint
303 silly CHANGE node_modules/next
304 silly REMOVE node_modules/lru-cache
305 silly REMOVE node_modules/json5
306 silly REMOVE node_modules/jsesc
307 silly REMOVE node_modules/hermes-parser
308 silly REMOVE node_modules/hermes-estree
309 silly REMOVE node_modules/globals
310 silly REMOVE node_modules/gensync
311 silly CHANGE node_modules/eslint-plugin-react-hooks
312 silly CHANGE node_modules/eslint-config-next
313 silly REMOVE node_modules/convert-source-map
314 silly CHANGE node_modules/@next/swc-darwin-arm64
315 silly CHANGE node_modules/@next/eslint-plugin-next
316 silly CHANGE node_modules/@next/env
317 silly REMOVE node_modules/@jridgewell/remapping
318 silly REMOVE node_modules/@babel/types
319 silly REMOVE node_modules/@babel/traverse
320 silly REMOVE node_modules/@babel/template
321 silly REMOVE node_modules/@babel/parser
322 silly REMOVE node_modules/@babel/helpers
323 silly REMOVE node_modules/@babel/helper-validator-option
324 silly REMOVE node_modules/@babel/helper-validator-identifier
325 silly REMOVE node_modules/@babel/helper-string-parser
326 silly REMOVE node_modules/@babel/helper-module-transforms
327 silly REMOVE node_modules/@babel/helper-module-imports
328 silly REMOVE node_modules/@babel/helper-globals
329 silly REMOVE node_modules/@babel/helper-compilation-targets
330 silly REMOVE node_modules/@babel/helper-compilation-targets/node_modules/semver
331 silly REMOVE node_modules/@babel/generator
332 silly REMOVE node_modules/@babel/core
333 silly REMOVE node_modules/@babel/core/node_modules/semver
334 silly REMOVE node_modules/@babel/compat-data
335 silly REMOVE node_modules/@babel/code-frame
336 verbose cwd /Users/pb09/ux-portfolio
337 verbose os Darwin 25.2.0
338 verbose node v25.8.1
339 verbose npm  v11.11.0
340 verbose exit 0
341 info ok
